#
# There is insufficient memory for the Java Runtime Environment to continue.
# Native memory allocation (malloc) failed to allocate 74320 bytes for Chunk::new
# Possible reasons:
#   The system is out of physical RAM or swap space
#   The process is running with CompressedOops enabled, and the Java Heap may be blocking the growth of the native heap
# Possible solutions:
#   Reduce memory load on the system
#   Increase physical memory or swap space
#   Check if swap backing store is full
#   Decrease Java heap size (-Xmx/-Xms)
#   Decrease number of Java threads
#   Decrease Java thread stack sizes (-Xss)
#   Set larger code cache with -XX:ReservedCodeCacheSize=
#   JVM is running with Unscaled Compressed Oops mode in which the Java heap is
#     placed in the first 4GB address space. The Java Heap base address is the
#     maximum limit for the native heap growth. Please use -XX:HeapBaseMinAddress
#     to set the Java Heap base and to place the Java Heap above 4GB virtual address.
# This output file may be truncated or incomplete.
#
#  Out of Memory Error (./open/src/hotspot/share/memory/arena.cpp:195), pid=20332, tid=19672
#
# JRE version: Java(TM) SE Runtime Environment (15.0.2+7) (build 15.0.2+7-27)
# Java VM: Java HotSpot(TM) 64-Bit Server VM (15.0.2+7-27, mixed mode, tiered, compressed oops, g1 gc, windows-amd64)
# No core dump will be written. Minidumps are not enabled by default on client versions of Windows
#

---------------  S U M M A R Y ------------

Command Line: -Dfile.encoding=UTF-8 makeapp.MakeApp

Host: Intel(R) Core(TM) i5-7200U CPU @ 2.50GHz, 4 cores, 3G,  Windows 10 , 64 bit Build 18362 (10.0.18362.1350)
Time: Sun Mar 28 11:30:09 2021 SE Asia Standard Time elapsed time: 0.071125 seconds (0d 0h 0m 0s)

---------------  T H R E A D  ---------------

Current thread (0x00000263f399f040):  JavaThread "main" [_thread_in_vm, id=19672, stack(0x0000008551500000,0x0000008551600000)]

Stack: [0x0000008551500000,0x0000008551600000]
Native frames: (J=compiled Java code, j=interpreted, Vv=VM code, C=native code)
V  [jvm.dll+0x62ae9a]
V  [jvm.dll+0x7817a9]
V  [jvm.dll+0x782f03]
V  [jvm.dll+0x783563]
V  [jvm.dll+0x216325]
V  [jvm.dll+0x97f3a]
V  [jvm.dll+0x9861c]
V  [jvm.dll+0x1c684f]
V  [jvm.dll+0x1c5650]
V  [jvm.dll+0x706243]
V  [jvm.dll+0x707c08]
V  [jvm.dll+0x707f03]
V  [jvm.dll+0x20f104]
V  [jvm.dll+0x348fd1]
C  0x000002638001ec80

Java frames: (J=compiled Java code, j=interpreted, Vv=VM code)
j  jdk.internal.module.SystemModulesMap.defaultSystemModules()Ljdk/internal/module/SystemModules;+0 java.base
j  jdk.internal.module.SystemModuleFinders.systemModules(Ljava/lang/String;)Ljdk/internal/module/SystemModules;+10 java.base
j  jdk.internal.module.ModuleBootstrap.boot()Ljava/lang/ModuleLayer;+197 java.base
j  java.lang.System.initPhase2(ZZ)I+0 java.base
v  ~StubRoutines::call_stub

---------------  P R O C E S S  ---------------

Threads class SMR info:
_java_thread_list=0x00000263911e7580, length=9, elements={
0x00000263f399f040, 0x00000263911cb130, 0x00000263911cbd00, 0x00000263911f3150,
0x00000263911f5a20, 0x00000263911f62e0, 0x00000263911f9580, 0x00000263911e6560,
0x0000026391b18070
}

Java Threads: ( => current thread )
=>0x00000263f399f040 JavaThread "main" [_thread_in_vm, id=19672, stack(0x0000008551500000,0x0000008551600000)]
  0x00000263911cb130 JavaThread "Reference Handler" daemon [_thread_blocked, id=20412, stack(0x0000008551c00000,0x0000008551d00000)]
  0x00000263911cbd00 JavaThread "Finalizer" daemon [_thread_blocked, id=15180, stack(0x0000008551d00000,0x0000008551e00000)]
  0x00000263911f3150 JavaThread "Signal Dispatcher" daemon [_thread_blocked, id=20416, stack(0x0000008551e00000,0x0000008551f00000)]
  0x00000263911f5a20 JavaThread "Attach Listener" daemon [_thread_blocked, id=19812, stack(0x0000008551f00000,0x0000008552000000)]
  0x00000263911f62e0 JavaThread "Service Thread" daemon [_thread_blocked, id=19900, stack(0x0000008552000000,0x0000008552100000)]
  0x00000263911f9580 JavaThread "C2 CompilerThread0" daemon [_thread_blocked, id=17824, stack(0x0000008552100000,0x0000008552200000)]
  0x00000263911e6560 JavaThread "C1 CompilerThread0" daemon [_thread_blocked, id=18356, stack(0x0000008552200000,0x0000008552300000)]
  0x0000026391b18070 JavaThread "Sweeper thread" daemon [_thread_blocked, id=1528, stack(0x0000008552300000,0x0000008552400000)]

Other Threads:
  0x00000263911948c0 VMThread "VM Thread" [stack: 0x0000008551b00000,0x0000008551c00000] [id=16440]
  0x00000263f39ce140 GCTaskThread "GC Thread#0" [stack: 0x0000008551600000,0x0000008551700000] [id=19776]
  0x00000263f39d8020 ConcurrentGCThread "G1 Main Marker" [stack: 0x0000008551700000,0x0000008551800000] [id=18932]
  0x00000263f39d9430 ConcurrentGCThread "G1 Conc#0" [stack: 0x0000008551800000,0x0000008551900000] [id=19732]
  0x00000263f3a190a0 ConcurrentGCThread "G1 Refine#0" [stack: 0x0000008551900000,0x0000008551a00000] [id=20316]
  0x00000263f3a19ca0 ConcurrentGCThread "G1 Young RemSet Sampling" [stack: 0x0000008551a00000,0x0000008551b00000] [id=19372]

Threads with active compile tasks:

VM state: not at safepoint (normal execution)

VM Mutex/Monitor currently owned by a thread: None

Heap address: 0x00000000c2000000, size: 992 MB, Compressed Oops mode: 32-bit
CDS disabled.
Compressed class space mapped at: 0x0000000100000000-0x0000000140000000, size: 1073741824
Narrow klass base: 0x0000000000000000, Narrow klass shift: 3, Narrow klass range: 0x140000000

GC Precious Log:
 CPUs: 4 total, 4 available
 Memory: 3962M
 Large Page Support: Disabled
 NUMA Support: Disabled
 Compressed Oops: Enabled (32-bit)
 Heap Region Size: 1M
 Heap Min Capacity: 8M
 Heap Initial Capacity: 62M
 Heap Max Capacity: 992M
 Pre-touch: Disabled
 Parallel Workers: 4
 Concurrent Workers: 1
 Concurrent Refinement Workers: 4
 Periodic GC: Disabled

Heap:
 garbage-first heap   total 63488K, used 0K [0x00000000c2000000, 0x0000000100000000)
  region size 1024K, 1 young (1024K), 0 survivors (0K)
 Metaspace       used 2586K, capacity 4480K, committed 4480K, reserved 1056768K
  class space    used 192K, capacity 384K, committed 384K, reserved 1048576K

Heap Regions: E=young(eden), S=young(survivor), O=old, HS=humongous(starts), HC=humongous(continues), CS=collection set, F=free, OA=open archive, CA=closed archive, TAMS=top-at-mark-start (previous, next)
|   0|0x00000000c2000000, 0x00000000c2000000, 0x00000000c2100000|  0%| F|  |TAMS 0x00000000c2000000, 0x00000000c2000000| Untracked 
|   1|0x00000000c2100000, 0x00000000c2100000, 0x00000000c2200000|  0%| F|  |TAMS 0x00000000c2100000, 0x00000000c2100000| Untracked 
|   2|0x00000000c2200000, 0x00000000c2200000, 0x00000000c2300000|  0%| F|  |TAMS 0x00000000c2200000, 0x00000000c2200000| Untracked 
|   3|0x00000000c2300000, 0x00000000c2300000, 0x00000000c2400000|  0%| F|  |TAMS 0x00000000c2300000, 0x00000000c2300000| Untracked 
|   4|0x00000000c2400000, 0x00000000c2400000, 0x00000000c2500000|  0%| F|  |TAMS 0x00000000c2400000, 0x00000000c2400000| Untracked 
|   5|0x00000000c2500000, 0x00000000c2500000, 0x00000000c2600000|  0%| F|  |TAMS 0x00000000c2500000, 0x00000000c2500000| Untracked 
|   6|0x00000000c2600000, 0x00000000c2600000, 0x00000000c2700000|  0%| F|  |TAMS 0x00000000c2600000, 0x00000000c2600000| Untracked 
|   7|0x00000000c2700000, 0x00000000c2700000, 0x00000000c2800000|  0%| F|  |TAMS 0x00000000c2700000, 0x00000000c2700000| Untracked 
|   8|0x00000000c2800000, 0x00000000c2800000, 0x00000000c2900000|  0%| F|  |TAMS 0x00000000c2800000, 0x00000000c2800000| Untracked 
|   9|0x00000000c2900000, 0x00000000c2900000, 0x00000000c2a00000|  0%| F|  |TAMS 0x00000000c2900000, 0x00000000c2900000| Untracked 
|  10|0x00000000c2a00000, 0x00000000c2a00000, 0x00000000c2b00000|  0%| F|  |TAMS 0x00000000c2a00000, 0x00000000c2a00000| Untracked 
|  11|0x00000000c2b00000, 0x00000000c2b00000, 0x00000000c2c00000|  0%| F|  |TAMS 0x00000000c2b00000, 0x00000000c2b00000| Untracked 
|  12|0x00000000c2c00000, 0x00000000c2c00000, 0x00000000c2d00000|  0%| F|  |TAMS 0x00000000c2c00000, 0x00000000c2c00000| Untracked 
|  13|0x00000000c2d00000, 0x00000000c2d00000, 0x00000000c2e00000|  0%| F|  |TAMS 0x00000000c2d00000, 0x00000000c2d00000| Untracked 
|  14|0x00000000c2e00000, 0x00000000c2e00000, 0x00000000c2f00000|  0%| F|  |TAMS 0x00000000c2e00000, 0x00000000c2e00000| Untracked 
|  15|0x00000000c2f00000, 0x00000000c2f00000, 0x00000000c3000000|  0%| F|  |TAMS 0x00000000c2f00000, 0x00000000c2f00000| Untracked 
|  16|0x00000000c3000000, 0x00000000c3000000, 0x00000000c3100000|  0%| F|  |TAMS 0x00000000c3000000, 0x00000000c3000000| Untracked 
|  17|0x00000000c3100000, 0x00000000c3100000, 0x00000000c3200000|  0%| F|  |TAMS 0x00000000c3100000, 0x00000000c3100000| Untracked 
|  18|0x00000000c3200000, 0x00000000c3200000, 0x00000000c3300000|  0%| F|  |TAMS 0x00000000c3200000, 0x00000000c3200000| Untracked 
|  19|0x00000000c3300000, 0x00000000c3300000, 0x00000000c3400000|  0%| F|  |TAMS 0x00000000c3300000, 0x00000000c3300000| Untracked 
|  20|0x00000000c3400000, 0x00000000c3400000, 0x00000000c3500000|  0%| F|  |TAMS 0x00000000c3400000, 0x00000000c3400000| Untracked 
|  21|0x00000000c3500000, 0x00000000c3500000, 0x00000000c3600000|  0%| F|  |TAMS 0x00000000c3500000, 0x00000000c3500000| Untracked 
|  22|0x00000000c3600000, 0x00000000c3600000, 0x00000000c3700000|  0%| F|  |TAMS 0x00000000c3600000, 0x00000000c3600000| Untracked 
|  23|0x00000000c3700000, 0x00000000c3700000, 0x00000000c3800000|  0%| F|  |TAMS 0x00000000c3700000, 0x00000000c3700000| Untracked 
|  24|0x00000000c3800000, 0x00000000c3800000, 0x00000000c3900000|  0%| F|  |TAMS 0x00000000c3800000, 0x00000000c3800000| Untracked 
|  25|0x00000000c3900000, 0x00000000c3900000, 0x00000000c3a00000|  0%| F|  |TAMS 0x00000000c3900000, 0x00000000c3900000| Untracked 
|  26|0x00000000c3a00000, 0x00000000c3a00000, 0x00000000c3b00000|  0%| F|  |TAMS 0x00000000c3a00000, 0x00000000c3a00000| Untracked 
|  27|0x00000000c3b00000, 0x00000000c3b00000, 0x00000000c3c00000|  0%| F|  |TAMS 0x00000000c3b00000, 0x00000000c3b00000| Untracked 
|  28|0x00000000c3c00000, 0x00000000c3c00000, 0x00000000c3d00000|  0%| F|  |TAMS 0x00000000c3c00000, 0x00000000c3c00000| Untracked 
|  29|0x00000000c3d00000, 0x00000000c3d00000, 0x00000000c3e00000|  0%| F|  |TAMS 0x00000000c3d00000, 0x00000000c3d00000| Untracked 
|  30|0x00000000c3e00000, 0x00000000c3e00000, 0x00000000c3f00000|  0%| F|  |TAMS 0x00000000c3e00000, 0x00000000c3e00000| Untracked 
|  31|0x00000000c3f00000, 0x00000000c3f00000, 0x00000000c4000000|  0%| F|  |TAMS 0x00000000c3f00000, 0x00000000c3f00000| Untracked 
|  32|0x00000000c4000000, 0x00000000c4000000, 0x00000000c4100000|  0%| F|  |TAMS 0x00000000c4000000, 0x00000000c4000000| Untracked 
|  33|0x00000000c4100000, 0x00000000c4100000, 0x00000000c4200000|  0%| F|  |TAMS 0x00000000c4100000, 0x00000000c4100000| Untracked 
|  34|0x00000000c4200000, 0x00000000c4200000, 0x00000000c4300000|  0%| F|  |TAMS 0x00000000c4200000, 0x00000000c4200000| Untracked 
|  35|0x00000000c4300000, 0x00000000c4300000, 0x00000000c4400000|  0%| F|  |TAMS 0x00000000c4300000, 0x00000000c4300000| Untracked 
|  36|0x00000000c4400000, 0x00000000c4400000, 0x00000000c4500000|  0%| F|  |TAMS 0x00000000c4400000, 0x00000000c4400000| Untracked 
|  37|0x00000000c4500000, 0x00000000c4500000, 0x00000000c4600000|  0%| F|  |TAMS 0x00000000c4500000, 0x00000000c4500000| Untracked 
|  38|0x00000000c4600000, 0x00000000c4600000, 0x00000000c4700000|  0%| F|  |TAMS 0x00000000c4600000, 0x00000000c4600000| Untracked 
|  39|0x00000000c4700000, 0x00000000c4700000, 0x00000000c4800000|  0%| F|  |TAMS 0x00000000c4700000, 0x00000000c4700000| Untracked 
|  40|0x00000000c4800000, 0x00000000c4800000, 0x00000000c4900000|  0%| F|  |TAMS 0x00000000c4800000, 0x00000000c4800000| Untracked 
|  41|0x00000000c4900000, 0x00000000c4900000, 0x00000000c4a00000|  0%| F|  |TAMS 0x00000000c4900000, 0x00000000c4900000| Untracked 
|  42|0x00000000c4a00000, 0x00000000c4a00000, 0x00000000c4b00000|  0%| F|  |TAMS 0x00000000c4a00000, 0x00000000c4a00000| Untracked 
|  43|0x00000000c4b00000, 0x00000000c4b00000, 0x00000000c4c00000|  0%| F|  |TAMS 0x00000000c4b00000, 0x00000000c4b00000| Untracked 
|  44|0x00000000c4c00000, 0x00000000c4c00000, 0x00000000c4d00000|  0%| F|  |TAMS 0x00000000c4c00000, 0x00000000c4c00000| Untracked 
|  45|0x00000000c4d00000, 0x00000000c4d00000, 0x00000000c4e00000|  0%| F|  |TAMS 0x00000000c4d00000, 0x00000000c4d00000| Untracked 
|  46|0x00000000c4e00000, 0x00000000c4e00000, 0x00000000c4f00000|  0%| F|  |TAMS 0x00000000c4e00000, 0x00000000c4e00000| Untracked 
|  47|0x00000000c4f00000, 0x00000000c4f00000, 0x00000000c5000000|  0%| F|  |TAMS 0x00000000c4f00000, 0x00000000c4f00000| Untracked 
|  48|0x00000000c5000000, 0x00000000c5000000, 0x00000000c5100000|  0%| F|  |TAMS 0x00000000c5000000, 0x00000000c5000000| Untracked 
|  49|0x00000000c5100000, 0x00000000c5100000, 0x00000000c5200000|  0%| F|  |TAMS 0x00000000c5100000, 0x00000000c5100000| Untracked 
|  50|0x00000000c5200000, 0x00000000c5200000, 0x00000000c5300000|  0%| F|  |TAMS 0x00000000c5200000, 0x00000000c5200000| Untracked 
|  51|0x00000000c5300000, 0x00000000c5300000, 0x00000000c5400000|  0%| F|  |TAMS 0x00000000c5300000, 0x00000000c5300000| Untracked 
|  52|0x00000000c5400000, 0x00000000c5400000, 0x00000000c5500000|  0%| F|  |TAMS 0x00000000c5400000, 0x00000000c5400000| Untracked 
|  53|0x00000000c5500000, 0x00000000c5500000, 0x00000000c5600000|  0%| F|  |TAMS 0x00000000c5500000, 0x00000000c5500000| Untracked 
|  54|0x00000000c5600000, 0x00000000c5600000, 0x00000000c5700000|  0%| F|  |TAMS 0x00000000c5600000, 0x00000000c5600000| Untracked 
|  55|0x00000000c5700000, 0x00000000c5700000, 0x00000000c5800000|  0%| F|  |TAMS 0x00000000c5700000, 0x00000000c5700000| Untracked 
|  56|0x00000000c5800000, 0x00000000c5800000, 0x00000000c5900000|  0%| F|  |TAMS 0x00000000c5800000, 0x00000000c5800000| Untracked 
|  57|0x00000000c5900000, 0x00000000c5900000, 0x00000000c5a00000|  0%| F|  |TAMS 0x00000000c5900000, 0x00000000c5900000| Untracked 
|  58|0x00000000c5a00000, 0x00000000c5a00000, 0x00000000c5b00000|  0%| F|  |TAMS 0x00000000c5a00000, 0x00000000c5a00000| Untracked 
|  59|0x00000000c5b00000, 0x00000000c5b00000, 0x00000000c5c00000|  0%| F|  |TAMS 0x00000000c5b00000, 0x00000000c5b00000| Untracked 
|  60|0x00000000c5c00000, 0x00000000c5c00000, 0x00000000c5d00000|  0%| F|  |TAMS 0x00000000c5c00000, 0x00000000c5c00000| Untracked 
|  61|0x00000000c5d00000, 0x00000000c5d42900, 0x00000000c5e00000| 26%| E|  |TAMS 0x00000000c5d00000, 0x00000000c5d00000| Complete 

Card table byte_map: [0x00000263fbdc0000,0x00000263fbfb0000] _byte_map_base: 0x00000263fb7b0000

Marking Bits (Prev, Next): (CMBitMap*) 0x00000263f39cf9c0, (CMBitMap*) 0x00000263f39cfa00
 Prev Bits: [0x00000263fc1a0000, 0x00000263fd120000)
 Next Bits: [0x00000263fd120000, 0x00000263fe0a0000)

Polling page: 0x00000263f19b0000

Metaspace:

Usage:
  Non-class:      4.00 MB capacity,     2.34 MB ( 58%) used,     1.66 MB ( 42%) free+waste,    64 bytes ( <1%) overhead. 
      Class:    384.00 KB capacity,   192.20 KB ( 50%) used,   191.74 KB ( 50%) free+waste,    64 bytes ( <1%) overhead. 
       Both:      4.38 MB capacity,     2.53 MB ( 58%) used,     1.85 MB ( 42%) free+waste,   128 bytes ( <1%) overhead. 

Virtual space:
  Non-class space:        8.00 MB reserved,       4.00 MB ( 50%) committed 
      Class space:        1.00 GB reserved,     384.00 KB ( <1%) committed 
             Both:        1.01 GB reserved,       4.38 MB ( <1%) committed 

Chunk freelists:
   Non-Class:  0 bytes
       Class:  0 bytes
        Both:  0 bytes

MaxMetaspaceSize: 17179869184.00 GB
CompressedClassSpaceSize: 1.00 GB

CodeHeap 'non-profiled nmethods': size=120000Kb used=0Kb max_used=0Kb free=120000Kb
 bounds [0x0000026387ad0000, 0x0000026387d40000, 0x000002638f000000]
CodeHeap 'profiled nmethods': size=120000Kb used=0Kb max_used=0Kb free=119999Kb
 bounds [0x00000263805a0000, 0x0000026380810000, 0x0000026387ad0000]
CodeHeap 'non-nmethods': size=5760Kb used=1026Kb max_used=1037Kb free=4733Kb
 bounds [0x0000026380000000, 0x0000026380270000, 0x00000263805a0000]
 total_blobs=245 nmethods=1 adapters=158
 compilation: enabled
              stopped_count=0, restarted_count=0
 full_count=0

Compilation events (2 events):
Event: 0.064 Thread 0x00000263911e6560    1       3       java.lang.Object::<init> (1 bytes)
Event: 0.064 Thread 0x00000263911e6560 nmethod 1 0x00000263805a0010 code [0x00000263805a01a0, 0x00000263805a0298]

GC Heap History (0 events):
No events

Deoptimization events (0 events):
No events

Classes unloaded (0 events):
No events

Classes redefined (0 events):
No events

Internal exceptions (0 events):
No events

Events (20 events):
Event: 0.065 loading class java/io/WinNTFileSystem done
Event: 0.065 loading class jdk/internal/util/ArraysSupport
Event: 0.065 loading class jdk/internal/util/ArraysSupport done
Event: 0.066 loading class jdk/internal/module/ModulePatcher
Event: 0.066 loading class jdk/internal/module/ModulePatcher done
Event: 0.066 loading class jdk/internal/module/ModuleBootstrap$Counters
Event: 0.066 loading class jdk/internal/module/ModuleBootstrap$Counters done
Event: 0.066 loading class jdk/internal/module/ArchivedModuleGraph
Event: 0.066 loading class jdk/internal/module/ArchivedModuleGraph done
Event: 0.066 loading class jdk/internal/module/SystemModuleFinders
Event: 0.066 loading class jdk/internal/module/SystemModuleFinders done
Event: 0.066 loading class java/net/URI
Event: 0.067 loading class java/net/URI done
Event: 0.067 loading class java/net/URI$1
Event: 0.067 loading class jdk/internal/access/JavaNetUriAccess
Event: 0.067 loading class jdk/internal/access/JavaNetUriAccess done
Event: 0.067 loading class java/net/URI$1 done
Event: 0.067 loading class jdk/internal/module/SystemModulesMap
Event: 0.067 loading class jdk/internal/module/SystemModulesMap done
Event: 0.067 loading class jdk/internal/module/SystemModules$default


Dynamic libraries:
0x00007ff7f2330000 - 0x00007ff7f233f000 	C:\Program Files\Java\jdk-15.0.2\bin\java.exe
0x00007ff994160000 - 0x00007ff994350000 	C:\Windows\SYSTEM32\ntdll.dll
0x00007ff992af0000 - 0x00007ff992ba2000 	C:\Windows\System32\KERNEL32.DLL
0x00007ff9911b0000 - 0x00007ff991455000 	C:\Windows\System32\KERNELBASE.dll
0x00007ff9914e0000 - 0x00007ff9915da000 	C:\Windows\System32\ucrtbase.dll
0x00007ff980b90000 - 0x00007ff980ba9000 	C:\Program Files\Java\jdk-15.0.2\bin\VCRUNTIME140.dll
0x00007ff98c300000 - 0x00007ff98c318000 	C:\Program Files\Java\jdk-15.0.2\bin\jli.dll
0x00007ff992fc0000 - 0x00007ff993063000 	C:\Windows\System32\ADVAPI32.dll
0x00007ff993ed0000 - 0x00007ff993f6e000 	C:\Windows\System32\msvcrt.dll
0x00007ff9923f0000 - 0x00007ff992487000 	C:\Windows\System32\sechost.dll
0x00007ff993070000 - 0x00007ff99318f000 	C:\Windows\System32\RPCRT4.dll
0x00007ff993f80000 - 0x00007ff994114000 	C:\Windows\System32\USER32.dll
0x00007ff991180000 - 0x00007ff9911a1000 	C:\Windows\System32\win32u.dll
0x00007ff993190000 - 0x00007ff9931b6000 	C:\Windows\System32\GDI32.dll
0x00007ff97f1a0000 - 0x00007ff97f424000 	C:\Windows\WinSxS\amd64_microsoft.windows.common-controls_6595b64144ccf1df_6.0.18362.1440_none_9e7dbfb9e45e8e67\COMCTL32.dll
0x00007ff9927b0000 - 0x00007ff992ae6000 	C:\Windows\System32\combase.dll
0x00007ff992070000 - 0x00007ff992208000 	C:\Windows\System32\gdi32full.dll
0x00007ff991e00000 - 0x00007ff991e81000 	C:\Windows\System32\bcryptPrimitives.dll
0x00007ff991d60000 - 0x00007ff991dfe000 	C:\Windows\System32\msvcp_win.dll
0x00007ff98adb0000 - 0x00007ff98adba000 	C:\Windows\SYSTEM32\VERSION.dll
0x00007ff9925d0000 - 0x00007ff9925fe000 	C:\Windows\System32\IMM32.DLL
0x00007ff980890000 - 0x00007ff98089c000 	C:\Program Files\Java\jdk-15.0.2\bin\vcruntime140_1.dll
0x00007ff95fea0000 - 0x00007ff95ff31000 	C:\Program Files\Java\jdk-15.0.2\bin\msvcp140.dll
0x00007ff952f60000 - 0x00007ff953abe000 	C:\Program Files\Java\jdk-15.0.2\bin\server\jvm.dll
0x00007ff992bb0000 - 0x00007ff992bb8000 	C:\Windows\System32\PSAPI.DLL
0x00007ff97d730000 - 0x00007ff97d739000 	C:\Windows\SYSTEM32\WSOCK32.dll
0x00007ff988b50000 - 0x00007ff988b74000 	C:\Windows\SYSTEM32\WINMM.dll
0x00007ff992ee0000 - 0x00007ff992f4f000 	C:\Windows\System32\WS2_32.dll
0x00007ff988b20000 - 0x00007ff988b4d000 	C:\Windows\SYSTEM32\winmmbase.dll
0x00007ff991490000 - 0x00007ff9914da000 	C:\Windows\System32\cfgmgr32.dll
0x00007ff991020000 - 0x00007ff991031000 	C:\Windows\System32\kernel.appcore.dll
0x00007ff980180000 - 0x00007ff98018a000 	C:\Program Files\Java\jdk-15.0.2\bin\jimage.dll
0x00007ff98f8b0000 - 0x00007ff98faa4000 	C:\Windows\SYSTEM32\DBGHELP.DLL
0x00007ff979da0000 - 0x00007ff979dca000 	C:\Windows\SYSTEM32\dbgcore.DLL
0x00007ff9745f0000 - 0x00007ff974615000 	C:\Program Files\Java\jdk-15.0.2\bin\java.dll
0x00007ff9932f0000 - 0x00007ff9939d8000 	C:\Windows\System32\SHELL32.dll
0x00007ff992e30000 - 0x00007ff992ed7000 	C:\Windows\System32\shcore.dll
0x00007ff9915e0000 - 0x00007ff991d5b000 	C:\Windows\System32\windows.storage.dll
0x00007ff991060000 - 0x00007ff99107e000 	C:\Windows\System32\profapi.dll
0x00007ff991080000 - 0x00007ff9910ca000 	C:\Windows\System32\powrprof.dll
0x00007ff991010000 - 0x00007ff991020000 	C:\Windows\System32\UMPDC.dll
0x00007ff992680000 - 0x00007ff9926d2000 	C:\Windows\System32\shlwapi.dll
0x00007ff992050000 - 0x00007ff992067000 	C:\Windows\System32\cryptsp.dll

dbghelp: loaded successfully - version: 4.0.5 - missing functions: none
symbol engine: initialized successfully - sym options: 0x614 - pdb path: .;C:\Program Files\Java\jdk-15.0.2\bin;C:\Windows\SYSTEM32;C:\Windows\WinSxS\amd64_microsoft.windows.common-controls_6595b64144ccf1df_6.0.18362.1440_none_9e7dbfb9e45e8e67;C:\Program Files\Java\jdk-15.0.2\bin\server

VM Arguments:
jvm_args: -Dfile.encoding=UTF-8 
java_command: makeapp.MakeApp
java_class_path (initial): C:\Users\DELL\Documents\NetBeansProjects\makeApp\build\classes
Launcher Type: SUN_STANDARD

[Global flags]
     intx CICompilerCount                          = 3                                         {product} {ergonomic}
     uint ConcGCThreads                            = 1                                         {product} {ergonomic}
     uint G1ConcRefinementThreads                  = 4                                         {product} {ergonomic}
   size_t G1HeapRegionSize                         = 1048576                                   {product} {ergonomic}
    uintx GCDrainStackTargetSize                   = 64                                        {product} {ergonomic}
   size_t InitialHeapSize                          = 65011712                                  {product} {ergonomic}
   size_t MarkStackSize                            = 4194304                                   {product} {ergonomic}
   size_t MaxHeapSize                              = 1040187392                                {product} {ergonomic}
   size_t MaxNewSize                               = 623902720                                 {product} {ergonomic}
   size_t MinHeapDeltaBytes                        = 1048576                                   {product} {ergonomic}
   size_t MinHeapSize                              = 8388608                                   {product} {ergonomic}
    uintx NonNMethodCodeHeapSize                   = 5832780                                {pd product} {ergonomic}
    uintx NonProfiledCodeHeapSize                  = 122912730                              {pd product} {ergonomic}
    uintx ProfiledCodeHeapSize                     = 122912730                              {pd product} {ergonomic}
    uintx ReservedCodeCacheSize                    = 251658240                              {pd product} {ergonomic}
     bool SegmentedCodeCache                       = true                                      {product} {ergonomic}
   size_t SoftMaxHeapSize                          = 1040187392                             {manageable} {ergonomic}
     bool UseCompressedClassPointers               = true                                 {lp64_product} {ergonomic}
     bool UseCompressedOops                        = true                                 {lp64_product} {ergonomic}
     bool UseG1GC                                  = true                                      {product} {ergonomic}
     bool UseLargePagesIndividualAllocation        = false                                  {pd product} {ergonomic}

Logging:
Log output configuration:
 #0: stdout all=warning uptime,level,tags
 #1: stderr all=off uptime,level,tags

Environment Variables:
CLASSPATH=C:\Program Files\Java\jdk-15.0.2\lib
PATH=C:\Program Files\Common Files\Oracle\Java\javapath;C:\Program Files (x86)\Common Files\Oracle\Java\javapath;C:\Windows\system32;C:\Windows;C:\Windows\System32\Wbem;C:\Windows\System32\WindowsPowerShell\v1.0\;C:\Windows\System32\OpenSSH\;C:\Program Files\Java\jdk-15.0.2\bin
USERNAME=DELL
OS=Windows_NT
PROCESSOR_IDENTIFIER=Intel64 Family 6 Model 142 Stepping 9, GenuineIntel



---------------  S Y S T E M  ---------------

OS:
 Windows 10 , 64 bit Build 18362 (10.0.18362.1350)
OS uptime: 5 days 16:26 hours

CPU: total 4 (initial active 4) (2 cores per cpu, 2 threads per core) family 6 model 142 stepping 9 microcode 0xb4, cmov, cx8, fxsr, mmx, sse, sse2, sse3, ssse3, sse4.1, sse4.2, popcnt, vzeroupper, avx, avx2, aes, clmul, erms, 3dnowpref, lzcnt, ht, tsc, tscinvbit, bmi1, bmi2, adx, fma, clflush, clflushopt

Memory: 4k page, system-wide physical 3962M (360M free)
TotalPageFile size 13881M (AvailPageFile size 0M)
current process WorkingSet (physical memory assigned to process): 21M, peak: 21M
current process commit charge ("private bytes"): 124M, peak: 127M

vm_info: Java HotSpot(TM) 64-Bit Server VM (15.0.2+7-27) for windows-amd64 JRE (15.0.2+7-27), built on Dec  7 2020 20:07:01 by "mach5one" with unknown MS VC++:1925

END.
