#
# There is insufficient memory for the Java Runtime Environment to continue.
# Native memory allocation (malloc) failed to allocate 747696 bytes for Chunk::new
# Possible reasons:
#   The system is out of physical RAM or swap space
#   The process is running with CompressedOops enabled, and the Java Heap may be blocking the growth of the native heap
# Possible solutions:
#   Reduce memory load on the system
#   Increase physical memory or swap space
#   Check if swap backing store is full
#   Decrease Java heap size (-Xmx/-Xms)
#   Decrease number of Java threads
#   Decrease Java thread stack sizes (-Xss)
#   Set larger code cache with -XX:ReservedCodeCacheSize=
#   JVM is running with Unscaled Compressed Oops mode in which the Java heap is
#     placed in the first 4GB address space. The Java Heap base address is the
#     maximum limit for the native heap growth. Please use -XX:HeapBaseMinAddress
#     to set the Java Heap base and to place the Java Heap above 4GB virtual address.
# This output file may be truncated or incomplete.
#
#  Out of Memory Error (./open/src/hotspot/share/memory/arena.cpp:195), pid=20276, tid=20140
#
# JRE version: Java(TM) SE Runtime Environment (15.0.2+7) (build 15.0.2+7-27)
# Java VM: Java HotSpot(TM) 64-Bit Server VM (15.0.2+7-27, mixed mode, sharing, tiered, compressed oops, g1 gc, windows-amd64)
# No core dump will be written. Minidumps are not enabled by default on client versions of Windows
#

---------------  S U M M A R Y ------------

Command Line: -Denv.class.path=C:\Program Files\Java\jdk-15.0.2\lib -Dapplication.home=C:\Program Files\Java\jdk-15.0.2 --add-modules=ALL-DEFAULT -Xms8m -Djdk.module.main=jdk.compiler jdk.compiler/com.sun.tools.javac.Main -d C:\Users\DELL\Documents\NetBeansProjects\makeApp\build\classes -classpath C:\Users\DELL\Documents\NetBeansProjects\makeApp\build\classes -sourcepath C:\Users\DELL\Documents\NetBeansProjects\makeApp\src -target 15 -encoding UTF-8 -g -processorpath C:\Users\DELL\Documents\NetBeansProjects\makeApp\build\empty -s C:\Users\DELL\Documents\NetBeansProjects\makeApp\build\generated-sources\ap-source-output -source 15 C:\Users\DELL\Documents\NetBeansProjects\makeApp\src\makeapp\MakeApp.java

Host: Intel(R) Core(TM) i5-7200U CPU @ 2.50GHz, 4 cores, 3G,  Windows 10 , 64 bit Build 18362 (10.0.18362.1350)
Time: Sun Mar 28 11:30:40 2021 SE Asia Standard Time elapsed time: 0.914674 seconds (0d 0h 0m 0s)

---------------  T H R E A D  ---------------

Current thread (0x00000184dddfa8e0):  JavaThread "C2 CompilerThread0" daemon [_thread_in_native, id=20140, stack(0x00000073f3600000,0x00000073f3700000)]


Current CompileTask:
C2:    914 1212   !   4       com.sun.tools.javac.jvm.ClassReader::classSigToType (497 bytes)

Stack: [0x00000073f3600000,0x00000073f3700000]
Native frames: (J=compiled Java code, j=interpreted, Vv=VM code, C=native code)
V  [jvm.dll+0x62ae9a]
V  [jvm.dll+0x7817a9]
V  [jvm.dll+0x782f03]
V  [jvm.dll+0x783563]
V  [jvm.dll+0x216325]
V  [jvm.dll+0x97f3a]
V  [jvm.dll+0x9861c]
V  [jvm.dll+0x279f9f]
V  [jvm.dll+0x540794]
V  [jvm.dll+0x1f2cd4]
V  [jvm.dll+0x1ebff3]
V  [jvm.dll+0x1e9867]
V  [jvm.dll+0x178567]
V  [jvm.dll+0x1f9225]
V  [jvm.dll+0x1f72cc]
V  [jvm.dll+0x74495d]
V  [jvm.dll+0x73d75a]
V  [jvm.dll+0x629c56]
C  [ucrtbase.dll+0x210b2]
C  [KERNEL32.DLL+0x17c24]
C  [ntdll.dll+0x6d721]


---------------  P R O C E S S  ---------------

Threads class SMR info:
_java_thread_list=0x00000184de012ce0, length=11, elements={
0x00000184c1a92130, 0x00000184c1b58690, 0x00000184c1b5b180, 0x00000184dddf1440,
0x00000184dddf3d10, 0x00000184dddf56e0, 0x00000184dddfa8e0, 0x00000184dddfe3b0,
0x00000184dde1a750, 0x00000184c1b39c90, 0x00000184de05f460
}

Java Threads: ( => current thread )
  0x00000184c1a92130 JavaThread "main" [_thread_in_vm, id=18932, stack(0x00000073f2900000,0x00000073f2a00000)]
  0x00000184c1b58690 JavaThread "Reference Handler" daemon [_thread_blocked, id=20416, stack(0x00000073f3000000,0x00000073f3100000)]
  0x00000184c1b5b180 JavaThread "Finalizer" daemon [_thread_blocked, id=19812, stack(0x00000073f3100000,0x00000073f3200000)]
  0x00000184dddf1440 JavaThread "Signal Dispatcher" daemon [_thread_blocked, id=17824, stack(0x00000073f3300000,0x00000073f3400000)]
  0x00000184dddf3d10 JavaThread "Attach Listener" daemon [_thread_blocked, id=18356, stack(0x00000073f3400000,0x00000073f3500000)]
  0x00000184dddf56e0 JavaThread "Service Thread" daemon [_thread_blocked, id=1528, stack(0x00000073f3500000,0x00000073f3600000)]
=>0x00000184dddfa8e0 JavaThread "C2 CompilerThread0" daemon [_thread_in_native, id=20140, stack(0x00000073f3600000,0x00000073f3700000)]
  0x00000184dddfe3b0 JavaThread "C1 CompilerThread0" daemon [_thread_in_native, id=20304, stack(0x00000073f3700000,0x00000073f3800000)]
  0x00000184dde1a750 JavaThread "Sweeper thread" daemon [_thread_blocked, id=19068, stack(0x00000073f3800000,0x00000073f3900000)]
  0x00000184c1b39c90 JavaThread "Common-Cleaner" daemon [_thread_blocked, id=19208, stack(0x00000073f3900000,0x00000073f3a00000)]
  0x00000184de05f460 JavaThread "Notification Thread" daemon [_thread_blocked, id=19848, stack(0x00000073f3a00000,0x00000073f3b00000)]

Other Threads:
  0x00000184c1b52ee0 VMThread "VM Thread" [stack: 0x00000073f2f00000,0x00000073f3000000] [id=15180]
  0x00000184de067920 WatcherThread [stack: 0x00000073f3b00000,0x00000073f3c00000] [id=19672]
  0x00000184c1ac3520 GCTaskThread "GC Thread#0" [stack: 0x00000073f2a00000,0x00000073f2b00000] [id=19732]
  0x00000184de190c10 GCTaskThread "GC Thread#1" [stack: 0x00000073f3c00000,0x00000073f3d00000] [id=19928]
  0x00000184c1acd190 ConcurrentGCThread "G1 Main Marker" [stack: 0x00000073f2b00000,0x00000073f2c00000] [id=20316]
  0x00000184c1ace430 ConcurrentGCThread "G1 Conc#0" [stack: 0x00000073f2c00000,0x00000073f2d00000] [id=19372]
  0x00000184c1ae87c0 ConcurrentGCThread "G1 Refine#0" [stack: 0x00000073f2d00000,0x00000073f2e00000] [id=16440]
  0x00000184c1ae92d0 ConcurrentGCThread "G1 Young RemSet Sampling" [stack: 0x00000073f2e00000,0x00000073f2f00000] [id=20412]

Threads with active compile tasks:
C2 CompilerThread0      943 1212   !   4       com.sun.tools.javac.jvm.ClassReader::classSigToType (497 bytes)
C1 CompilerThread0      943 1295       3       sun.invoke.util.VerifyAccess::isMemberAccessible (338 bytes)

VM state: not at safepoint (normal execution)

VM Mutex/Monitor currently owned by a thread: None

Heap address: 0x00000000c2000000, size: 992 MB, Compressed Oops mode: 32-bit
CDS archive(s) mapped at: [0x0000000800000000-0x0000000800b50000-0x0000000800b50000), size 11862016, SharedBaseAddress: 0x0000000800000000, ArchiveRelocationMode: 0.
Compressed class space mapped at: 0x0000000800b50000-0x0000000840b50000, size: 1073741824
Narrow klass base: 0x0000000800000000, Narrow klass shift: 3, Narrow klass range: 0x100000000

GC Precious Log:
 CPUs: 4 total, 4 available
 Memory: 3962M
 Large Page Support: Disabled
 NUMA Support: Disabled
 Compressed Oops: Enabled (32-bit)
 Heap Region Size: 1M
 Heap Min Capacity: 8M
 Heap Initial Capacity: 8M
 Heap Max Capacity: 992M
 Pre-touch: Disabled
 Parallel Workers: 4
 Concurrent Workers: 1
 Concurrent Refinement Workers: 4
 Periodic GC: Disabled

Heap:
 garbage-first heap   total 23552K, used 13471K [0x00000000c2000000, 0x0000000100000000)
  region size 1024K, 9 young (9216K), 1 survivors (1024K)
 Metaspace       used 9278K, capacity 11866K, committed 12160K, reserved 1060864K
  class space    used 1087K, capacity 1335K, committed 1408K, reserved 1048576K

Heap Regions: E=young(eden), S=young(survivor), O=old, HS=humongous(starts), HC=humongous(continues), CS=collection set, F=free, OA=open archive, CA=closed archive, TAMS=top-at-mark-start (previous, next)
|   0|0x00000000c2000000, 0x00000000c2100000, 0x00000000c2100000|100%| O|  |TAMS 0x00000000c2000000, 0x00000000c2000000| Untracked 
|   1|0x00000000c2100000, 0x00000000c2200000, 0x00000000c2200000|100%| O|  |TAMS 0x00000000c2100000, 0x00000000c2100000| Untracked 
|   2|0x00000000c2200000, 0x00000000c2300000, 0x00000000c2300000|100%| O|  |TAMS 0x00000000c2200000, 0x00000000c2200000| Untracked 
|   3|0x00000000c2300000, 0x00000000c2400000, 0x00000000c2400000|100%| O|  |TAMS 0x00000000c2300000, 0x00000000c2300000| Untracked 
|   4|0x00000000c2400000, 0x00000000c2500000, 0x00000000c2500000|100%| O|  |TAMS 0x00000000c2400000, 0x00000000c2400000| Untracked 
|   5|0x00000000c2500000, 0x00000000c2543800, 0x00000000c2600000| 26%| O|  |TAMS 0x00000000c2500000, 0x00000000c2500000| Untracked 
|   6|0x00000000c2600000, 0x00000000c2600000, 0x00000000c2700000|  0%| F|  |TAMS 0x00000000c2600000, 0x00000000c2600000| Untracked 
|   7|0x00000000c2700000, 0x00000000c2700000, 0x00000000c2800000|  0%| F|  |TAMS 0x00000000c2700000, 0x00000000c2700000| Untracked 
|   8|0x00000000c2800000, 0x00000000c2800000, 0x00000000c2900000|  0%| F|  |TAMS 0x00000000c2800000, 0x00000000c2800000| Untracked 
|   9|0x00000000c2900000, 0x00000000c2900000, 0x00000000c2a00000|  0%| F|  |TAMS 0x00000000c2900000, 0x00000000c2900000| Untracked 
|  10|0x00000000c2a00000, 0x00000000c2ae4650, 0x00000000c2b00000| 89%| S|CS|TAMS 0x00000000c2a00000, 0x00000000c2a00000| Complete 
|  11|0x00000000c2b00000, 0x00000000c2b00000, 0x00000000c2c00000|  0%| F|  |TAMS 0x00000000c2b00000, 0x00000000c2b00000| Untracked 
|  12|0x00000000c2c00000, 0x00000000c2c00000, 0x00000000c2d00000|  0%| F|  |TAMS 0x00000000c2c00000, 0x00000000c2c00000| Untracked 
|  13|0x00000000c2d00000, 0x00000000c2d00000, 0x00000000c2e00000|  0%| F|  |TAMS 0x00000000c2d00000, 0x00000000c2d00000| Untracked 
|  14|0x00000000c2e00000, 0x00000000c2e00000, 0x00000000c2f00000|  0%| F|  |TAMS 0x00000000c2e00000, 0x00000000c2e00000| Untracked 
|  15|0x00000000c2f00000, 0x00000000c3000000, 0x00000000c3000000|100%| E|  |TAMS 0x00000000c2f00000, 0x00000000c2f00000| Complete 
|  16|0x00000000c3000000, 0x00000000c3100000, 0x00000000c3100000|100%| E|CS|TAMS 0x00000000c3000000, 0x00000000c3000000| Complete 
|  17|0x00000000c3100000, 0x00000000c3200000, 0x00000000c3200000|100%| E|CS|TAMS 0x00000000c3100000, 0x00000000c3100000| Complete 
|  18|0x00000000c3200000, 0x00000000c3300000, 0x00000000c3300000|100%| E|CS|TAMS 0x00000000c3200000, 0x00000000c3200000| Complete 
|  19|0x00000000c3300000, 0x00000000c3400000, 0x00000000c3400000|100%| E|CS|TAMS 0x00000000c3300000, 0x00000000c3300000| Complete 
|  20|0x00000000c3400000, 0x00000000c3500000, 0x00000000c3500000|100%| E|CS|TAMS 0x00000000c3400000, 0x00000000c3400000| Complete 
|  21|0x00000000c3500000, 0x00000000c3600000, 0x00000000c3600000|100%| E|CS|TAMS 0x00000000c3500000, 0x00000000c3500000| Complete 
|  22|0x00000000c3600000, 0x00000000c3700000, 0x00000000c3700000|100%| E|CS|TAMS 0x00000000c3600000, 0x00000000c3600000| Complete 

Card table byte_map: [0x00000184d8eb0000,0x00000184d90a0000] _byte_map_base: 0x00000184d88a0000

Marking Bits (Prev, Next): (CMBitMap*) 0x00000184c1ac4c30, (CMBitMap*) 0x00000184c1ac4c70
 Prev Bits: [0x00000184d9290000, 0x00000184da210000)
 Next Bits: [0x00000184da210000, 0x00000184db190000)

Polling page: 0x00000184bf990000

Metaspace:

Usage:
  Non-class:     10.28 MB capacity,     8.00 MB ( 78%) used,     2.27 MB ( 22%) free+waste,    11.50 KB ( <1%) overhead. 
      Class:      1.30 MB capacity,     1.06 MB ( 81%) used,   243.05 KB ( 18%) free+waste,     4.75 KB ( <1%) overhead. 
       Both:     11.59 MB capacity,     9.06 MB ( 78%) used,     2.51 MB ( 22%) free+waste,    16.25 KB ( <1%) overhead. 

Virtual space:
  Non-class space:       12.00 MB reserved,      10.50 MB ( 88%) committed 
      Class space:        1.00 GB reserved,       1.38 MB ( <1%) committed 
             Both:        1.01 GB reserved,      11.88 MB (  1%) committed 

Chunk freelists:
   Non-Class:  29.00 KB
       Class:  9.00 KB
        Both:  38.00 KB

MaxMetaspaceSize: 17179869184.00 GB
CompressedClassSpaceSize: 1.00 GB

CodeHeap 'non-profiled nmethods': size=120000Kb used=381Kb max_used=381Kb free=119618Kb
 bounds [0x00000184d1790000, 0x00000184d1a00000, 0x00000184d8cc0000]
CodeHeap 'profiled nmethods': size=120000Kb used=2255Kb max_used=2255Kb free=117744Kb
 bounds [0x00000184ca260000, 0x00000184ca4d0000, 0x00000184d1790000]
CodeHeap 'non-nmethods': size=5760Kb used=1147Kb max_used=1169Kb free=4613Kb
 bounds [0x00000184c9cc0000, 0x00000184c9f30000, 0x00000184ca260000]
 total_blobs=1673 nmethods=1282 adapters=303
 compilation: enabled
              stopped_count=0, restarted_count=0
 full_count=0

Compilation events (20 events):
Event: 0.900 Thread 0x00000184dddfe3b0 1282       3       java.lang.invoke.InvokerBytecodeGenerator::emitImplicitConversion (161 bytes)
Event: 0.901 Thread 0x00000184dddfe3b0 nmethod 1282 0x00000184ca48e990 code [0x00000184ca48eca0, 0x00000184ca48faf8]
Event: 0.902 Thread 0x00000184dddfe3b0 1283       3       jdk.internal.org.objectweb.asm.Frame::pop (44 bytes)
Event: 0.902 Thread 0x00000184dddfe3b0 nmethod 1283 0x00000184ca490010 code [0x00000184ca4901a0, 0x00000184ca490318]
Event: 0.903 Thread 0x00000184dddfe3b0 1284       3       java.lang.invoke.InnerClassLambdaMetafactory::getOpcodeOffset (38 bytes)
Event: 0.903 Thread 0x00000184dddfe3b0 nmethod 1284 0x00000184ca490390 code [0x00000184ca490540, 0x00000184ca4907b8]
Event: 0.906 Thread 0x00000184dddfe3b0 1285       3       java.lang.Long::numberOfTrailingZeros (26 bytes)
Event: 0.906 Thread 0x00000184dddfe3b0 nmethod 1285 0x00000184ca490890 code [0x00000184ca490a40, 0x00000184ca490bd8]
Event: 0.906 Thread 0x00000184dddfe3b0 1286       3       com.sun.tools.javac.code.Type$ClassType::getTypeArguments (30 bytes)
Event: 0.906 Thread 0x00000184dddfe3b0 nmethod 1286 0x00000184ca490c90 code [0x00000184ca490e60, 0x00000184ca491268]
Event: 0.907 Thread 0x00000184dddfe3b0 1287       3       com.sun.tools.javac.code.Type::typeNoMetadata (19 bytes)
Event: 0.907 Thread 0x00000184dddfe3b0 nmethod 1287 0x00000184ca491390 code [0x00000184ca491540, 0x00000184ca491768]
Event: 0.907 Thread 0x00000184dddfe3b0 1288       3       com.sun.tools.javac.jvm.PoolReader::getClass (12 bytes)
Event: 0.907 Thread 0x00000184dddfe3b0 nmethod 1288 0x00000184ca491810 code [0x00000184ca4919c0, 0x00000184ca491c08]
Event: 0.909 Thread 0x00000184dddfe3b0 1290       3       java.lang.Integer::valueOf (32 bytes)
Event: 0.909 Thread 0x00000184dddfe3b0 nmethod 1290 0x00000184ca491d10 code [0x00000184ca491ec0, 0x00000184ca4921d8]
Event: 0.910 Thread 0x00000184dddfe3b0 1291       1       java.lang.Integer::intValue (5 bytes)
Event: 0.910 Thread 0x00000184dddfe3b0 nmethod 1291 0x00000184d17ef190 code [0x00000184d17ef320, 0x00000184d17ef3d8]
Event: 0.911 Thread 0x00000184dddfe3b0 1292       3       jdk.internal.misc.VM::isSystemDomainLoader (17 bytes)
Event: 0.912 Thread 0x00000184dddfe3b0 nmethod 1292 0x00000184ca492310 code [0x00000184ca492560, 0x00000184ca493018]

GC Heap History (20 events):
Event: 0.396 GC heap before
{Heap before GC invocations=3 (full 0):
 garbage-first heap   total 8192K, used 2974K [0x00000000c2000000, 0x0000000100000000)
  region size 1024K, 2 young (2048K), 1 survivors (1024K)
 Metaspace       used 7235K, capacity 10438K, committed 10752K, reserved 1058816K
  class space    used 869K, capacity 1158K, committed 1280K, reserved 1048576K
}
Event: 0.398 GC heap after
{Heap after GC invocations=4 (full 0):
 garbage-first heap   total 8192K, used 2321K [0x00000000c2000000, 0x0000000100000000)
  region size 1024K, 1 young (1024K), 1 survivors (1024K)
 Metaspace       used 7235K, capacity 10438K, committed 10752K, reserved 1058816K
  class space    used 869K, capacity 1158K, committed 1280K, reserved 1048576K
}
Event: 0.440 GC heap before
{Heap before GC invocations=4 (full 0):
 garbage-first heap   total 8192K, used 3345K [0x00000000c2000000, 0x0000000100000000)
  region size 1024K, 2 young (2048K), 1 survivors (1024K)
 Metaspace       used 7861K, capacity 10918K, committed 11008K, reserved 1058816K
  class space    used 911K, capacity 1190K, committed 1280K, reserved 1048576K
}
Event: 0.443 GC heap after
{Heap after GC invocations=5 (full 0):
 garbage-first heap   total 10240K, used 2559K [0x00000000c2000000, 0x0000000100000000)
  region size 1024K, 1 young (1024K), 1 survivors (1024K)
 Metaspace       used 7861K, capacity 10918K, committed 11008K, reserved 1058816K
  class space    used 911K, capacity 1190K, committed 1280K, reserved 1048576K
}
Event: 0.507 GC heap before
{Heap before GC invocations=5 (full 0):
 garbage-first heap   total 10240K, used 4607K [0x00000000c2000000, 0x0000000100000000)
  region size 1024K, 3 young (3072K), 1 survivors (1024K)
 Metaspace       used 8185K, capacity 11099K, committed 11264K, reserved 1058816K
  class space    used 959K, capacity 1229K, committed 1280K, reserved 1048576K
}
Event: 0.510 GC heap after
{Heap after GC invocations=6 (full 0):
 garbage-first heap   total 10240K, used 3364K [0x00000000c2000000, 0x0000000100000000)
  region size 1024K, 1 young (1024K), 1 survivors (1024K)
 Metaspace       used 8185K, capacity 11099K, committed 11264K, reserved 1058816K
  class space    used 959K, capacity 1229K, committed 1280K, reserved 1048576K
}
Event: 0.524 GC heap before
{Heap before GC invocations=6 (full 0):
 garbage-first heap   total 10240K, used 5412K [0x00000000c2000000, 0x0000000100000000)
  region size 1024K, 3 young (3072K), 1 survivors (1024K)
 Metaspace       used 8215K, capacity 11099K, committed 11264K, reserved 1058816K
  class space    used 959K, capacity 1229K, committed 1280K, reserved 1048576K
}
Event: 0.527 GC heap after
{Heap after GC invocations=7 (full 0):
 garbage-first heap   total 10240K, used 3722K [0x00000000c2000000, 0x0000000100000000)
  region size 1024K, 1 young (1024K), 1 survivors (1024K)
 Metaspace       used 8215K, capacity 11099K, committed 11264K, reserved 1058816K
  class space    used 959K, capacity 1229K, committed 1280K, reserved 1048576K
}
Event: 0.554 GC heap before
{Heap before GC invocations=7 (full 0):
 garbage-first heap   total 10240K, used 4746K [0x00000000c2000000, 0x0000000100000000)
  region size 1024K, 2 young (2048K), 1 survivors (1024K)
 Metaspace       used 8311K, capacity 11166K, committed 11264K, reserved 1058816K
  class space    used 966K, capacity 1230K, committed 1280K, reserved 1048576K
}
Event: 0.555 GC heap after
{Heap after GC invocations=8 (full 0):
 garbage-first heap   total 10240K, used 3800K [0x00000000c2000000, 0x0000000100000000)
  region size 1024K, 1 young (1024K), 1 survivors (1024K)
 Metaspace       used 8311K, capacity 11166K, committed 11264K, reserved 1058816K
  class space    used 966K, capacity 1230K, committed 1280K, reserved 1048576K
}
Event: 0.569 GC heap before
{Heap before GC invocations=8 (full 0):
 garbage-first heap   total 10240K, used 5848K [0x00000000c2000000, 0x0000000100000000)
  region size 1024K, 3 young (3072K), 1 survivors (1024K)
 Metaspace       used 8339K, capacity 11166K, committed 11264K, reserved 1058816K
  class space    used 966K, capacity 1230K, committed 1280K, reserved 1048576K
}
Event: 0.571 GC heap after
{Heap after GC invocations=9 (full 0):
 garbage-first heap   total 14336K, used 4138K [0x00000000c2000000, 0x0000000100000000)
  region size 1024K, 1 young (1024K), 1 survivors (1024K)
 Metaspace       used 8339K, capacity 11166K, committed 11264K, reserved 1058816K
  class space    used 966K, capacity 1230K, committed 1280K, reserved 1048576K
}
Event: 0.591 GC heap before
{Heap before GC invocations=9 (full 0):
 garbage-first heap   total 14336K, used 7210K [0x00000000c2000000, 0x0000000100000000)
  region size 1024K, 4 young (4096K), 1 survivors (1024K)
 Metaspace       used 8363K, capacity 11166K, committed 11264K, reserved 1058816K
  class space    used 966K, capacity 1230K, committed 1280K, reserved 1048576K
}
Event: 0.594 GC heap after
{Heap after GC invocations=10 (full 0):
 garbage-first heap   total 14336K, used 4433K [0x00000000c2000000, 0x0000000100000000)
  region size 1024K, 1 young (1024K), 1 survivors (1024K)
 Metaspace       used 8363K, capacity 11166K, committed 11264K, reserved 1058816K
  class space    used 966K, capacity 1230K, committed 1280K, reserved 1048576K
}
Event: 0.648 GC heap before
{Heap before GC invocations=10 (full 0):
 garbage-first heap   total 14336K, used 8529K [0x00000000c2000000, 0x0000000100000000)
  region size 1024K, 5 young (5120K), 1 survivors (1024K)
 Metaspace       used 8363K, capacity 11166K, committed 11264K, reserved 1058816K
  class space    used 966K, capacity 1230K, committed 1280K, reserved 1048576K
}
Event: 0.651 GC heap after
{Heap after GC invocations=11 (full 0):
 garbage-first heap   total 14336K, used 4959K [0x00000000c2000000, 0x0000000100000000)
  region size 1024K, 1 young (1024K), 1 survivors (1024K)
 Metaspace       used 8363K, capacity 11166K, committed 11264K, reserved 1058816K
  class space    used 966K, capacity 1230K, committed 1280K, reserved 1048576K
}
Event: 0.664 GC heap before
{Heap before GC invocations=11 (full 0):
 garbage-first heap   total 14336K, used 9055K [0x00000000c2000000, 0x0000000100000000)
  region size 1024K, 5 young (5120K), 1 survivors (1024K)
 Metaspace       used 8368K, capacity 11166K, committed 11264K, reserved 1058816K
  class space    used 966K, capacity 1230K, committed 1280K, reserved 1048576K
}
Event: 0.668 GC heap after
{Heap after GC invocations=12 (full 0):
 garbage-first heap   total 14336K, used 5431K [0x00000000c2000000, 0x0000000100000000)
  region size 1024K, 1 young (1024K), 1 survivors (1024K)
 Metaspace       used 8368K, capacity 11166K, committed 11264K, reserved 1058816K
  class space    used 966K, capacity 1230K, committed 1280K, reserved 1048576K
}
Event: 0.746 GC heap before
{Heap before GC invocations=12 (full 0):
 garbage-first heap   total 14336K, used 8503K [0x00000000c2000000, 0x0000000100000000)
  region size 1024K, 4 young (4096K), 1 survivors (1024K)
 Metaspace       used 8612K, capacity 11399K, committed 11520K, reserved 1058816K
  class space    used 993K, capacity 1265K, committed 1280K, reserved 1048576K
}
Event: 0.750 GC heap after
{Heap after GC invocations=13 (full 0):
 garbage-first heap   total 23552K, used 6303K [0x00000000c2000000, 0x0000000100000000)
  region size 1024K, 1 young (1024K), 1 survivors (1024K)
 Metaspace       used 8612K, capacity 11399K, committed 11520K, reserved 1058816K
  class space    used 993K, capacity 1265K, committed 1280K, reserved 1048576K
}

Deoptimization events (20 events):
Event: 0.590 Thread 0x00000184c1a92130 Uncommon trap: trap_request=0xffffffbe fr.pc=0x00000184d17d5f04 relative=0x00000000000008a4
Event: 0.590 Thread 0x00000184c1a92130 Uncommon trap: reason=profile_predicate action=maybe_recompile pc=0x00000184d17d5f04 method=jdk.internal.jimage.ImageStringsReader.charsFromByteBuffer([CLjava/nio/ByteBuffer;)V @ 6 c2
Event: 0.590 Thread 0x00000184c1a92130 DEOPT PACKING pc=0x00000184d17d5f04 sp=0x00000073f29fdbe0
Event: 0.590 Thread 0x00000184c1a92130 DEOPT UNPACKING pc=0x00000184c9d0e42f sp=0x00000073f29fdab8 mode 2
Event: 0.590 Thread 0x00000184c1a92130 Uncommon trap: trap_request=0xffffffbe fr.pc=0x00000184d17d5f04 relative=0x00000000000008a4
Event: 0.590 Thread 0x00000184c1a92130 Uncommon trap: reason=profile_predicate action=maybe_recompile pc=0x00000184d17d5f04 method=jdk.internal.jimage.ImageStringsReader.charsFromByteBuffer([CLjava/nio/ByteBuffer;)V @ 6 c2
Event: 0.590 Thread 0x00000184c1a92130 DEOPT PACKING pc=0x00000184d17d5f04 sp=0x00000073f29fdb20
Event: 0.590 Thread 0x00000184c1a92130 DEOPT UNPACKING pc=0x00000184c9d0e42f sp=0x00000073f29fd9f8 mode 2
Event: 0.590 Thread 0x00000184c1a92130 Uncommon trap: trap_request=0xffffffbe fr.pc=0x00000184d17d5f04 relative=0x00000000000008a4
Event: 0.590 Thread 0x00000184c1a92130 Uncommon trap: reason=profile_predicate action=maybe_recompile pc=0x00000184d17d5f04 method=jdk.internal.jimage.ImageStringsReader.charsFromByteBuffer([CLjava/nio/ByteBuffer;)V @ 6 c2
Event: 0.590 Thread 0x00000184c1a92130 DEOPT PACKING pc=0x00000184d17d5f04 sp=0x00000073f29fdb20
Event: 0.591 Thread 0x00000184c1a92130 DEOPT UNPACKING pc=0x00000184c9d0e42f sp=0x00000073f29fd9f8 mode 2
Event: 0.671 Thread 0x00000184c1a92130 Uncommon trap: trap_request=0xffffff45 fr.pc=0x00000184d17ca6dc relative=0x000000000000005c
Event: 0.671 Thread 0x00000184c1a92130 Uncommon trap: reason=unstable_if action=reinterpret pc=0x00000184d17ca6dc method=com.sun.tools.javac.jvm.PoolReader.sizeof(I)I @ 1 c2
Event: 0.671 Thread 0x00000184c1a92130 DEOPT PACKING pc=0x00000184d17ca6dc sp=0x00000073f29fe1c0
Event: 0.671 Thread 0x00000184c1a92130 DEOPT UNPACKING pc=0x00000184c9d0e42f sp=0x00000073f29fe150 mode 2
Event: 0.746 Thread 0x00000184c1a92130 DEOPT PACKING pc=0x00000184ca4053ae sp=0x00000073f29fcb70
Event: 0.746 Thread 0x00000184c1a92130 DEOPT UNPACKING pc=0x00000184c9d0e23f sp=0x00000073f29fc030 mode 0
Event: 0.808 Thread 0x00000184c1a92130 DEOPT PACKING pc=0x00000184ca43c1ee sp=0x00000073f29fdf30
Event: 0.808 Thread 0x00000184c1a92130 DEOPT UNPACKING pc=0x00000184c9d0e23f sp=0x00000073f29fd3f0 mode 0

Classes unloaded (0 events):
No events

Classes redefined (0 events):
No events

Internal exceptions (20 events):
Event: 0.447 Thread 0x00000184c1a92130 Exception <a 'java/lang/NoSuchMethodError'{0x00000000c290fec8}: 'java.lang.Object java.lang.invoke.DirectMethodHandle$Holder.invokeVirtual(java.lang.Object, java.lang.Object, java.lang.Object, int, int)'> (0x00000000c290fec8) 
thrown [./open/src/hotspot/share/interpreter/linkResolver.cpp, line 782]
Event: 0.448 Thread 0x00000184c1a92130 Exception <a 'java/lang/NoSuchMethodError'{0x00000000c29171b0}: 'java.lang.Object java.lang.invoke.DirectMethodHandle$Holder.invokeVirtual(java.lang.Object, java.lang.Object, int)'> (0x00000000c29171b0) 
thrown [./open/src/hotspot/share/interpreter/linkResolver.cpp, line 782]
Event: 0.453 Thread 0x00000184c1a92130 Exception <a 'java/lang/NoSuchMethodError'{0x00000000c29316c8}: 'java.lang.Object java.lang.invoke.DirectMethodHandle$Holder.invokeSpecial(java.lang.Object, java.lang.Object, java.lang.Object, int, int)'> (0x00000000c29316c8) 
thrown [./open/src/hotspot/share/interpreter/linkResolver.cpp, line 782]
Event: 0.482 Thread 0x00000184c1a92130 Exception <a 'java/lang/NoSuchMethodError'{0x00000000c28ad130}: 'void java.lang.invoke.DirectMethodHandle$Holder.invokeStatic(java.lang.Object, java.lang.Object)'> (0x00000000c28ad130) 
thrown [./open/src/hotspot/share/interpreter/linkResolver.cpp, line 782]
Event: 0.486 Thread 0x00000184c1a92130 Exception <a 'sun/nio/fs/WindowsException'{0x00000000c28b7ce0}> (0x00000000c28b7ce0) 
thrown [./open/src/hotspot/share/prims/jni.cpp, line 578]
Event: 0.497 Thread 0x00000184c1a92130 Exception <a 'sun/nio/fs/WindowsException'{0x00000000c28cab78}> (0x00000000c28cab78) 
thrown [./open/src/hotspot/share/prims/jni.cpp, line 578]
Event: 0.549 Thread 0x00000184c1a92130 Exception <a 'java/lang/NoSuchMethodError'{0x00000000c29e9d88}: 'int java.lang.invoke.DirectMethodHandle$Holder.invokeSpecial(java.lang.Object, java.lang.Object, java.lang.Object)'> (0x00000000c29e9d88) 
thrown [./open/src/hotspot/share/interpreter/linkResolver.cpp, line 782]
Event: 0.552 Thread 0x00000184c1a92130 Exception <a 'sun/nio/fs/WindowsException'{0x00000000c29f5800}> (0x00000000c29f5800) 
thrown [./open/src/hotspot/share/prims/jni.cpp, line 578]
Event: 0.552 Thread 0x00000184c1a92130 Exception <a 'sun/nio/fs/WindowsException'{0x00000000c29f5ad0}> (0x00000000c29f5ad0) 
thrown [./open/src/hotspot/share/prims/jni.cpp, line 578]
Event: 0.553 Thread 0x00000184c1a92130 Exception <a 'sun/nio/fs/WindowsException'{0x00000000c29f6ac0}> (0x00000000c29f6ac0) 
thrown [./open/src/hotspot/share/prims/jni.cpp, line 578]
Event: 0.553 Thread 0x00000184c1a92130 Exception <a 'sun/nio/fs/WindowsException'{0x00000000c29f6d50}> (0x00000000c29f6d50) 
thrown [./open/src/hotspot/share/prims/jni.cpp, line 578]
Event: 0.589 Thread 0x00000184c1a92130 Exception <a 'sun/nio/fs/WindowsException'{0x00000000c2be9948}> (0x00000000c2be9948) 
thrown [./open/src/hotspot/share/prims/jni.cpp, line 578]
Event: 0.590 Thread 0x00000184c1a92130 Exception <a 'sun/nio/fs/WindowsException'{0x00000000c2be9c10}> (0x00000000c2be9c10) 
thrown [./open/src/hotspot/share/prims/jni.cpp, line 578]
Event: 0.590 Thread 0x00000184c1a92130 Exception <a 'sun/nio/fs/WindowsException'{0x00000000c2beac00}> (0x00000000c2beac00) 
thrown [./open/src/hotspot/share/prims/jni.cpp, line 578]
Event: 0.590 Thread 0x00000184c1a92130 Exception <a 'sun/nio/fs/WindowsException'{0x00000000c2beae90}> (0x00000000c2beae90) 
thrown [./open/src/hotspot/share/prims/jni.cpp, line 578]
Event: 0.672 Thread 0x00000184c1a92130 Exception <a 'java/lang/NoSuchMethodError'{0x00000000c2d806d0}: 'java.lang.Object java.lang.invoke.DirectMethodHandle$Holder.invokeStatic(java.lang.Object, java.lang.Object, int, int)'> (0x00000000c2d806d0) 
thrown [./open/src/hotspot/share/interpreter/linkResolver.cpp, line 782]
Event: 0.739 Thread 0x00000184c1a92130 Exception <a 'java/lang/NoSuchMethodError'{0x00000000c2b0d358}: 'java.lang.Object java.lang.invoke.DirectMethodHandle$Holder.invokeInterface(java.lang.Object, java.lang.Object)'> (0x00000000c2b0d358) 
thrown [./open/src/hotspot/share/interpreter/linkResolver.cpp, line 782]
Event: 0.889 Thread 0x00000184c1a92130 Exception <a 'java/lang/NoSuchMethodError'{0x00000000c2f81850}: 'int java.lang.invoke.DirectMethodHandle$Holder.invokeVirtual(java.lang.Object, java.lang.Object, java.lang.Object, java.lang.Object)'> (0x00000000c2f81850) 
thrown [./open/src/hotspot/share/interpreter/linkResolver.cpp, line 782]
Event: 0.891 Thread 0x00000184c1a92130 Exception <a 'java/lang/NoSuchMethodError'{0x00000000c2f8dad0}: 'java.lang.Object java.lang.invoke.DirectMethodHandle$Holder.newInvokeSpecial(java.lang.Object, java.lang.Object, int, java.lang.Object)'> (0x00000000c2f8dad0) 
thrown [./open/src/hotspot/share/interpreter/linkResolver.cpp, line 782]
Event: 0.892 Thread 0x00000184c1a92130 Exception <a 'java/lang/NoSuchMethodError'{0x00000000c2f91fb8}: 'java.lang.Object java.lang.invoke.DirectMethodHandle$Holder.invokeSpecial(java.lang.Object, java.lang.Object, java.lang.Object, int, java.lang.Object)'> (0x00000000c2f91fb8) 
thrown [./open/src/hotspot/share/interpreter/linkResolver.cpp, line 782]

Events (20 events):
Event: 0.816 loading class java/util/stream/Node$OfLong done
Event: 0.816 loading class java/util/stream/Nodes$EmptyNode$OfLong done
Event: 0.816 loading class java/util/stream/Nodes$EmptyNode$OfDouble
Event: 0.816 loading class java/util/stream/Node$OfDouble
Event: 0.816 loading class java/util/stream/Node$OfDouble done
Event: 0.816 loading class java/util/stream/Nodes$EmptyNode$OfDouble done
Event: 0.817 loading class java/util/stream/Nodes$FixedNodeBuilder
Event: 0.817 loading class java/util/stream/Node$Builder
Event: 0.817 loading class java/util/stream/Node$Builder done
Event: 0.817 loading class java/util/stream/Nodes$ArrayNode
Event: 0.817 loading class java/util/stream/Nodes$ArrayNode done
Event: 0.817 loading class java/util/stream/Nodes$FixedNodeBuilder done
Event: 0.903 loading class java/util/EnumMap$EntrySet
Event: 0.903 loading class java/util/EnumMap$EntrySet done
Event: 0.903 loading class java/util/EnumMap$EntryIterator
Event: 0.903 loading class java/util/EnumMap$EnumMapIterator
Event: 0.903 loading class java/util/EnumMap$EnumMapIterator done
Event: 0.904 loading class java/util/EnumMap$EntryIterator done
Event: 0.904 loading class java/util/EnumMap$EntryIterator$Entry
Event: 0.904 loading class java/util/EnumMap$EntryIterator$Entry done


Dynamic libraries:
0x00007ff6e9e00000 - 0x00007ff6e9e08000 	C:\Program Files\Java\jdk-15.0.2\bin\javac.exe
0x00007ff994160000 - 0x00007ff994350000 	C:\Windows\SYSTEM32\ntdll.dll
0x00007ff992af0000 - 0x00007ff992ba2000 	C:\Windows\System32\KERNEL32.DLL
0x00007ff9911b0000 - 0x00007ff991455000 	C:\Windows\System32\KERNELBASE.dll
0x00007ff9914e0000 - 0x00007ff9915da000 	C:\Windows\System32\ucrtbase.dll
0x00007ff980b90000 - 0x00007ff980ba9000 	C:\Program Files\Java\jdk-15.0.2\bin\VCRUNTIME140.dll
0x00007ff98c300000 - 0x00007ff98c318000 	C:\Program Files\Java\jdk-15.0.2\bin\jli.dll
0x00007ff992fc0000 - 0x00007ff993063000 	C:\Windows\System32\ADVAPI32.dll
0x00007ff993ed0000 - 0x00007ff993f6e000 	C:\Windows\System32\msvcrt.dll
0x00007ff9923f0000 - 0x00007ff992487000 	C:\Windows\System32\sechost.dll
0x00007ff993070000 - 0x00007ff99318f000 	C:\Windows\System32\RPCRT4.dll
0x00007ff993f80000 - 0x00007ff994114000 	C:\Windows\System32\USER32.dll
0x00007ff991180000 - 0x00007ff9911a1000 	C:\Windows\System32\win32u.dll
0x00007ff993190000 - 0x00007ff9931b6000 	C:\Windows\System32\GDI32.dll
0x00007ff992070000 - 0x00007ff992208000 	C:\Windows\System32\gdi32full.dll
0x00007ff991d60000 - 0x00007ff991dfe000 	C:\Windows\System32\msvcp_win.dll
0x00007ff97f1a0000 - 0x00007ff97f424000 	C:\Windows\WinSxS\amd64_microsoft.windows.common-controls_6595b64144ccf1df_6.0.18362.1440_none_9e7dbfb9e45e8e67\COMCTL32.dll
0x00007ff9927b0000 - 0x00007ff992ae6000 	C:\Windows\System32\combase.dll
0x00007ff991e00000 - 0x00007ff991e81000 	C:\Windows\System32\bcryptPrimitives.dll
0x00007ff98adb0000 - 0x00007ff98adba000 	C:\Windows\SYSTEM32\VERSION.dll
0x00007ff9925d0000 - 0x00007ff9925fe000 	C:\Windows\System32\IMM32.DLL
0x00007ff980890000 - 0x00007ff98089c000 	C:\Program Files\Java\jdk-15.0.2\bin\vcruntime140_1.dll
0x00007ff95fea0000 - 0x00007ff95ff31000 	C:\Program Files\Java\jdk-15.0.2\bin\msvcp140.dll
0x00007ff952f60000 - 0x00007ff953abe000 	C:\Program Files\Java\jdk-15.0.2\bin\server\jvm.dll
0x00007ff992bb0000 - 0x00007ff992bb8000 	C:\Windows\System32\PSAPI.DLL
0x00007ff97d730000 - 0x00007ff97d739000 	C:\Windows\SYSTEM32\WSOCK32.dll
0x00007ff992ee0000 - 0x00007ff992f4f000 	C:\Windows\System32\WS2_32.dll
0x00007ff988b50000 - 0x00007ff988b74000 	C:\Windows\SYSTEM32\WINMM.dll
0x00007ff988b20000 - 0x00007ff988b4d000 	C:\Windows\SYSTEM32\WINMMBASE.dll
0x00007ff991490000 - 0x00007ff9914da000 	C:\Windows\System32\cfgmgr32.dll
0x00007ff991020000 - 0x00007ff991031000 	C:\Windows\System32\kernel.appcore.dll
0x00007ff980180000 - 0x00007ff98018a000 	C:\Program Files\Java\jdk-15.0.2\bin\jimage.dll
0x00007ff98f8b0000 - 0x00007ff98faa4000 	C:\Windows\SYSTEM32\DBGHELP.DLL
0x00007ff979da0000 - 0x00007ff979dca000 	C:\Windows\SYSTEM32\dbgcore.DLL
0x00007ff9745f0000 - 0x00007ff974615000 	C:\Program Files\Java\jdk-15.0.2\bin\java.dll
0x00007ff9932f0000 - 0x00007ff9939d8000 	C:\Windows\System32\SHELL32.dll
0x00007ff992e30000 - 0x00007ff992ed7000 	C:\Windows\System32\shcore.dll
0x00007ff9915e0000 - 0x00007ff991d5b000 	C:\Windows\System32\windows.storage.dll
0x00007ff991060000 - 0x00007ff99107e000 	C:\Windows\System32\profapi.dll
0x00007ff991080000 - 0x00007ff9910ca000 	C:\Windows\System32\powrprof.dll
0x00007ff991010000 - 0x00007ff991020000 	C:\Windows\System32\UMPDC.dll
0x00007ff992680000 - 0x00007ff9926d2000 	C:\Windows\System32\shlwapi.dll
0x00007ff992050000 - 0x00007ff992067000 	C:\Windows\System32\cryptsp.dll
0x00007ff97a910000 - 0x00007ff97a929000 	C:\Program Files\Java\jdk-15.0.2\bin\net.dll
0x00007ff988310000 - 0x00007ff98840a000 	C:\Windows\SYSTEM32\WINHTTP.dll
0x00007ff9907f0000 - 0x00007ff990857000 	C:\Windows\system32\mswsock.dll
0x00007ff979ab0000 - 0x00007ff979ac2000 	C:\Program Files\Java\jdk-15.0.2\bin\nio.dll

dbghelp: loaded successfully - version: 4.0.5 - missing functions: none
symbol engine: initialized successfully - sym options: 0x614 - pdb path: .;C:\Program Files\Java\jdk-15.0.2\bin;C:\Windows\SYSTEM32;C:\Windows\WinSxS\amd64_microsoft.windows.common-controls_6595b64144ccf1df_6.0.18362.1440_none_9e7dbfb9e45e8e67;C:\Program Files\Java\jdk-15.0.2\bin\server

VM Arguments:
jvm_args: -Denv.class.path=C:\Program Files\Java\jdk-15.0.2\lib -Dapplication.home=C:\Program Files\Java\jdk-15.0.2 --add-modules=ALL-DEFAULT -Xms8m -Djdk.module.main=jdk.compiler 
java_command: jdk.compiler/com.sun.tools.javac.Main -d C:\Users\DELL\Documents\NetBeansProjects\makeApp\build\classes -classpath C:\Users\DELL\Documents\NetBeansProjects\makeApp\build\classes -sourcepath C:\Users\DELL\Documents\NetBeansProjects\makeApp\src -target 15 -encoding UTF-8 -g -processorpath C:\Users\DELL\Documents\NetBeansProjects\makeApp\build\empty -s C:\Users\DELL\Documents\NetBeansProjects\makeApp\build\generated-sources\ap-source-output -source 15 C:\Users\DELL\Documents\NetBeansProjects\makeApp\src\makeapp\MakeApp.java
java_class_path (initial): <not set>
Launcher Type: SUN_STANDARD

[Global flags]
     intx CICompilerCount                          = 3                                         {product} {ergonomic}
     uint ConcGCThreads                            = 1                                         {product} {ergonomic}
     uint G1ConcRefinementThreads                  = 4                                         {product} {ergonomic}
   size_t G1HeapRegionSize                         = 1048576                                   {product} {ergonomic}
    uintx GCDrainStackTargetSize                   = 64                                        {product} {ergonomic}
   size_t InitialHeapSize                          = 8388608                                   {product} {command line}
   size_t MarkStackSize                            = 4194304                                   {product} {ergonomic}
   size_t MaxHeapSize                              = 1040187392                                {product} {ergonomic}
   size_t MaxNewSize                               = 623902720                                 {product} {ergonomic}
   size_t MinHeapDeltaBytes                        = 1048576                                   {product} {ergonomic}
   size_t MinHeapSize                              = 8388608                                   {product} {command line}
    uintx NonNMethodCodeHeapSize                   = 5832780                                {pd product} {ergonomic}
    uintx NonProfiledCodeHeapSize                  = 122912730                              {pd product} {ergonomic}
    uintx ProfiledCodeHeapSize                     = 122912730                              {pd product} {ergonomic}
    uintx ReservedCodeCacheSize                    = 251658240                              {pd product} {ergonomic}
     bool SegmentedCodeCache                       = true                                      {product} {ergonomic}
   size_t SoftMaxHeapSize                          = 1040187392                             {manageable} {ergonomic}
     bool UseCompressedClassPointers               = true                                 {lp64_product} {ergonomic}
     bool UseCompressedOops                        = true                                 {lp64_product} {ergonomic}
     bool UseG1GC                                  = true                                      {product} {ergonomic}
     bool UseLargePagesIndividualAllocation        = false                                  {pd product} {ergonomic}

Logging:
Log output configuration:
 #0: stdout all=warning uptime,level,tags
 #1: stderr all=off uptime,level,tags

Environment Variables:
CLASSPATH=C:\Program Files\Java\jdk-15.0.2\lib
PATH=C:\Program Files\Common Files\Oracle\Java\javapath;C:\Program Files (x86)\Common Files\Oracle\Java\javapath;C:\Windows\system32;C:\Windows;C:\Windows\System32\Wbem;C:\Windows\System32\WindowsPowerShell\v1.0\;C:\Windows\System32\OpenSSH\;C:\Program Files\Java\jdk-15.0.2\bin
USERNAME=DELL
OS=Windows_NT
PROCESSOR_IDENTIFIER=Intel64 Family 6 Model 142 Stepping 9, GenuineIntel



---------------  S Y S T E M  ---------------

OS:
 Windows 10 , 64 bit Build 18362 (10.0.18362.1350)
OS uptime: 5 days 16:27 hours

CPU: total 4 (initial active 4) (2 cores per cpu, 2 threads per core) family 6 model 142 stepping 9 microcode 0xb4, cmov, cx8, fxsr, mmx, sse, sse2, sse3, ssse3, sse4.1, sse4.2, popcnt, vzeroupper, avx, avx2, aes, clmul, erms, 3dnowpref, lzcnt, ht, tsc, tscinvbit, bmi1, bmi2, adx, fma, clflush, clflushopt

Memory: 4k page, system-wide physical 3962M (309M free)
TotalPageFile size 13881M (AvailPageFile size 3M)
current process WorkingSet (physical memory assigned to process): 81M, peak: 81M
current process commit charge ("private bytes"): 114M, peak: 115M

vm_info: Java HotSpot(TM) 64-Bit Server VM (15.0.2+7-27) for windows-amd64 JRE (15.0.2+7-27), built on Dec  7 2020 20:07:01 by "mach5one" with unknown MS VC++:1925

END.
