#
# There is insufficient memory for the Java Runtime Environment to continue.
# Native memory allocation (malloc) failed to allocate 814096 bytes for Chunk::new
# Possible reasons:
#   The system is out of physical RAM or swap space
#   The process is running with CompressedOops enabled, and the Java Heap may be blocking the growth of the native heap
# Possible solutions:
#   Reduce memory load on the system
#   Increase physical memory or swap space
#   Check if swap backing store is full
#   Decrease Java heap size (-Xmx/-Xms)
#   Decrease number of Java threads
#   Decrease Java thread stack sizes (-Xss)
#   Set larger code cache with -XX:ReservedCodeCacheSize=
#   JVM is running with Unscaled Compressed Oops mode in which the Java heap is
#     placed in the first 4GB address space. The Java Heap base address is the
#     maximum limit for the native heap growth. Please use -XX:HeapBaseMinAddress
#     to set the Java Heap base and to place the Java Heap above 4GB virtual address.
# This output file may be truncated or incomplete.
#
#  Out of Memory Error (./open/src/hotspot/share/memory/arena.cpp:195), pid=20212, tid=20180
#
# JRE version: Java(TM) SE Runtime Environment (15.0.2+7) (build 15.0.2+7-27)
# Java VM: Java HotSpot(TM) 64-Bit Server VM (15.0.2+7-27, mixed mode, sharing, tiered, compressed oops, g1 gc, windows-amd64)
# No core dump will be written. Minidumps are not enabled by default on client versions of Windows
#

---------------  S U M M A R Y ------------

Command Line: -Denv.class.path=C:\Program Files\Java\jdk-15.0.2\lib -Dapplication.home=C:\Program Files\Java\jdk-15.0.2 --add-modules=ALL-DEFAULT -Xms8m -Djdk.module.main=jdk.compiler jdk.compiler/com.sun.tools.javac.Main -d C:\Users\DELL\Documents\NetBeansProjects\makeApp\build\classes -classpath C:\Users\DELL\Documents\NetBeansProjects\makeApp\build\classes -sourcepath C:\Users\DELL\Documents\NetBeansProjects\makeApp\src -target 15 -encoding UTF-8 -g -processorpath C:\Users\DELL\Documents\NetBeansProjects\makeApp\build\empty -s C:\Users\DELL\Documents\NetBeansProjects\makeApp\build\generated-sources\ap-source-output -source 15 C:\Users\DELL\Documents\NetBeansProjects\makeApp\src\makeapp\MakeApp.java

Host: Intel(R) Core(TM) i5-7200U CPU @ 2.50GHz, 4 cores, 3G,  Windows 10 , 64 bit Build 18362 (10.0.18362.1350)
Time: Sun Mar 28 11:30:21 2021 SE Asia Standard Time elapsed time: 1.067320 seconds (0d 0h 0m 1s)

---------------  T H R E A D  ---------------

Current thread (0x00000223ec987240):  JavaThread "C2 CompilerThread0" daemon [_thread_in_native, id=20180, stack(0x000000b917000000,0x000000b917100000)]


Current CompileTask:
C2:   1067 1301   !   4       com.sun.tools.javac.jvm.ClassReader::classSigToType (497 bytes)

Stack: [0x000000b917000000,0x000000b917100000]
Native frames: (J=compiled Java code, j=interpreted, Vv=VM code, C=native code)
V  [jvm.dll+0x62ae9a]
V  [jvm.dll+0x7817a9]
V  [jvm.dll+0x782f03]
V  [jvm.dll+0x783563]
V  [jvm.dll+0x216325]
V  [jvm.dll+0x97f3a]
V  [jvm.dll+0x9861c]
V  [jvm.dll+0x279f9f]
V  [jvm.dll+0x540794]
V  [jvm.dll+0x1f2cd4]
V  [jvm.dll+0x1ec348]
V  [jvm.dll+0x1e9867]
V  [jvm.dll+0x178567]
V  [jvm.dll+0x1f9225]
V  [jvm.dll+0x1f72cc]
V  [jvm.dll+0x74495d]
V  [jvm.dll+0x73d75a]
V  [jvm.dll+0x629c56]
C  [ucrtbase.dll+0x210b2]
C  [KERNEL32.DLL+0x17c24]
C  [ntdll.dll+0x6d721]


---------------  P R O C E S S  ---------------

Threads class SMR info:
_java_thread_list=0x00000223ecba1a20, length=11, elements={
0x00000223d0623000, 0x00000223d06e9ee0, 0x00000223d06ea9c0, 0x00000223ec980ef0,
0x00000223ec983bc0, 0x00000223ec985490, 0x00000223ec987240, 0x00000223ec98e620,
0x00000223ec997030, 0x00000223ec96c0d0, 0x00000223ecbf0770
}

Java Threads: ( => current thread )
  0x00000223d0623000 JavaThread "main" [_thread_in_vm, id=6008, stack(0x000000b916400000,0x000000b916500000)]
  0x00000223d06e9ee0 JavaThread "Reference Handler" daemon [_thread_blocked, id=15528, stack(0x000000b916b00000,0x000000b916c00000)]
  0x00000223d06ea9c0 JavaThread "Finalizer" daemon [_thread_blocked, id=19520, stack(0x000000b916c00000,0x000000b916d00000)]
  0x00000223ec980ef0 JavaThread "Signal Dispatcher" daemon [_thread_blocked, id=15764, stack(0x000000b916d00000,0x000000b916e00000)]
  0x00000223ec983bc0 JavaThread "Attach Listener" daemon [_thread_blocked, id=9320, stack(0x000000b916e00000,0x000000b916f00000)]
  0x00000223ec985490 JavaThread "Service Thread" daemon [_thread_blocked, id=17808, stack(0x000000b916f00000,0x000000b917000000)]
=>0x00000223ec987240 JavaThread "C2 CompilerThread0" daemon [_thread_in_native, id=20180, stack(0x000000b917000000,0x000000b917100000)]
  0x00000223ec98e620 JavaThread "C1 CompilerThread0" daemon [_thread_blocked, id=19740, stack(0x000000b917100000,0x000000b917200000)]
  0x00000223ec997030 JavaThread "Sweeper thread" daemon [_thread_blocked, id=8328, stack(0x000000b917200000,0x000000b917300000)]
  0x00000223ec96c0d0 JavaThread "Common-Cleaner" daemon [_thread_blocked, id=19524, stack(0x000000b917300000,0x000000b917400000)]
  0x00000223ecbf0770 JavaThread "Notification Thread" daemon [_thread_blocked, id=19692, stack(0x000000b917400000,0x000000b917500000)]

Other Threads:
  0x00000223d06e4730 VMThread "VM Thread" [stack: 0x000000b916a00000,0x000000b916b00000] [id=20404]
  0x00000223ecbf1c50 WatcherThread [stack: 0x000000b917500000,0x000000b917600000] [id=19460]
  0x00000223d0651c50 GCTaskThread "GC Thread#0" [stack: 0x000000b916500000,0x000000b916600000] [id=15396]
  0x00000223ecd23200 GCTaskThread "GC Thread#1" [stack: 0x000000b917600000,0x000000b917700000] [id=19528]
  0x00000223d065ba40 ConcurrentGCThread "G1 Main Marker" [stack: 0x000000b916600000,0x000000b916700000] [id=16508]
  0x00000223d065cd60 ConcurrentGCThread "G1 Conc#0" [stack: 0x000000b916700000,0x000000b916800000] [id=19748]
  0x00000223d0676820 ConcurrentGCThread "G1 Refine#0" [stack: 0x000000b916800000,0x000000b916900000] [id=1860]
  0x00000223d06773b0 ConcurrentGCThread "G1 Young RemSet Sampling" [stack: 0x000000b916900000,0x000000b916a00000] [id=20352]

Threads with active compile tasks:
C2 CompilerThread0     1142 1301   !   4       com.sun.tools.javac.jvm.ClassReader::classSigToType (497 bytes)

VM state: not at safepoint (normal execution)

VM Mutex/Monitor currently owned by a thread: None

Heap address: 0x00000000c2000000, size: 992 MB, Compressed Oops mode: 32-bit
CDS archive(s) mapped at: [0x0000000800000000-0x0000000800b50000-0x0000000800b50000), size 11862016, SharedBaseAddress: 0x0000000800000000, ArchiveRelocationMode: 0.
Compressed class space mapped at: 0x0000000800b50000-0x0000000840b50000, size: 1073741824
Narrow klass base: 0x0000000800000000, Narrow klass shift: 3, Narrow klass range: 0x100000000

GC Precious Log:
 CPUs: 4 total, 4 available
 Memory: 3962M
 Large Page Support: Disabled
 NUMA Support: Disabled
 Compressed Oops: Enabled (32-bit)
 Heap Region Size: 1M
 Heap Min Capacity: 8M
 Heap Initial Capacity: 8M
 Heap Max Capacity: 992M
 Pre-touch: Disabled
 Parallel Workers: 4
 Concurrent Workers: 1
 Concurrent Refinement Workers: 4
 Periodic GC: Disabled

Heap:
 garbage-first heap   total 24576K, used 8089K [0x00000000c2000000, 0x0000000100000000)
  region size 1024K, 3 young (3072K), 2 survivors (2048K)
 Metaspace       used 9294K, capacity 11866K, committed 12160K, reserved 1060864K
  class space    used 1087K, capacity 1335K, committed 1408K, reserved 1048576K

Heap Regions: E=young(eden), S=young(survivor), O=old, HS=humongous(starts), HC=humongous(continues), CS=collection set, F=free, OA=open archive, CA=closed archive, TAMS=top-at-mark-start (previous, next)
|   0|0x00000000c2000000, 0x00000000c2100000, 0x00000000c2100000|100%| O|  |TAMS 0x00000000c2000000, 0x00000000c2000000| Untracked 
|   1|0x00000000c2100000, 0x00000000c2200000, 0x00000000c2200000|100%| O|  |TAMS 0x00000000c2100000, 0x00000000c2100000| Untracked 
|   2|0x00000000c2200000, 0x00000000c2300000, 0x00000000c2300000|100%| O|  |TAMS 0x00000000c2200000, 0x00000000c2200000| Untracked 
|   3|0x00000000c2300000, 0x00000000c2400000, 0x00000000c2400000|100%| O|  |TAMS 0x00000000c2300000, 0x00000000c2300000| Untracked 
|   4|0x00000000c2400000, 0x00000000c2500000, 0x00000000c2500000|100%| O|  |TAMS 0x00000000c2400000, 0x00000000c2400000| Untracked 
|   5|0x00000000c2500000, 0x00000000c25e6400, 0x00000000c2600000| 89%| O|  |TAMS 0x00000000c2500000, 0x00000000c2500000| Untracked 
|   6|0x00000000c2600000, 0x00000000c2600000, 0x00000000c2700000|  0%| F|  |TAMS 0x00000000c2600000, 0x00000000c2600000| Untracked 
|   7|0x00000000c2700000, 0x00000000c2700000, 0x00000000c2800000|  0%| F|  |TAMS 0x00000000c2700000, 0x00000000c2700000| Untracked 
|   8|0x00000000c2800000, 0x00000000c2800000, 0x00000000c2900000|  0%| F|  |TAMS 0x00000000c2800000, 0x00000000c2800000| Untracked 
|   9|0x00000000c2900000, 0x00000000c2900000, 0x00000000c2a00000|  0%| F|  |TAMS 0x00000000c2900000, 0x00000000c2900000| Untracked 
|  10|0x00000000c2a00000, 0x00000000c2a00000, 0x00000000c2b00000|  0%| F|  |TAMS 0x00000000c2a00000, 0x00000000c2a00000| Untracked 
|  11|0x00000000c2b00000, 0x00000000c2b00000, 0x00000000c2c00000|  0%| F|  |TAMS 0x00000000c2b00000, 0x00000000c2b00000| Untracked 
|  12|0x00000000c2c00000, 0x00000000c2c00000, 0x00000000c2d00000|  0%| F|  |TAMS 0x00000000c2c00000, 0x00000000c2c00000| Untracked 
|  13|0x00000000c2d00000, 0x00000000c2d00000, 0x00000000c2e00000|  0%| F|  |TAMS 0x00000000c2d00000, 0x00000000c2d00000| Untracked 
|  14|0x00000000c2e00000, 0x00000000c2f00000, 0x00000000c2f00000|100%| S|CS|TAMS 0x00000000c2e00000, 0x00000000c2e00000| Complete 
|  15|0x00000000c2f00000, 0x00000000c3000000, 0x00000000c3000000|100%| S|CS|TAMS 0x00000000c2f00000, 0x00000000c2f00000| Complete 
|  16|0x00000000c3000000, 0x00000000c3000000, 0x00000000c3100000|  0%| F|  |TAMS 0x00000000c3000000, 0x00000000c3000000| Untracked 
|  17|0x00000000c3100000, 0x00000000c3100000, 0x00000000c3200000|  0%| F|  |TAMS 0x00000000c3100000, 0x00000000c3100000| Untracked 
|  18|0x00000000c3200000, 0x00000000c3200000, 0x00000000c3300000|  0%| F|  |TAMS 0x00000000c3200000, 0x00000000c3200000| Untracked 
|  19|0x00000000c3300000, 0x00000000c3300000, 0x00000000c3400000|  0%| F|  |TAMS 0x00000000c3300000, 0x00000000c3300000| Untracked 
|  20|0x00000000c3400000, 0x00000000c3400000, 0x00000000c3500000|  0%| F|  |TAMS 0x00000000c3400000, 0x00000000c3400000| Untracked 
|  21|0x00000000c3500000, 0x00000000c3500000, 0x00000000c3600000|  0%| F|  |TAMS 0x00000000c3500000, 0x00000000c3500000| Untracked 
|  22|0x00000000c3600000, 0x00000000c3600000, 0x00000000c3700000|  0%| F|  |TAMS 0x00000000c3600000, 0x00000000c3600000| Untracked 
|  23|0x00000000c3700000, 0x00000000c3800000, 0x00000000c3800000|100%| E|  |TAMS 0x00000000c3700000, 0x00000000c3700000| Complete 

Card table byte_map: [0x00000223e7a40000,0x00000223e7c30000] _byte_map_base: 0x00000223e7430000

Marking Bits (Prev, Next): (CMBitMap*) 0x00000223d06533e0, (CMBitMap*) 0x00000223d0653420
 Prev Bits: [0x00000223e7e20000, 0x00000223e8da0000)
 Next Bits: [0x00000223e8da0000, 0x00000223e9d20000)

Polling page: 0x00000223ce610000

Metaspace:

Usage:
  Non-class:     10.28 MB capacity,     8.02 MB ( 78%) used,     2.25 MB ( 22%) free+waste,    11.50 KB ( <1%) overhead. 
      Class:      1.30 MB capacity,     1.07 MB ( 82%) used,   238.73 KB ( 18%) free+waste,     4.75 KB ( <1%) overhead. 
       Both:     11.59 MB capacity,     9.09 MB ( 78%) used,     2.48 MB ( 21%) free+waste,    16.25 KB ( <1%) overhead. 

Virtual space:
  Non-class space:       12.00 MB reserved,      10.50 MB ( 88%) committed 
      Class space:        1.00 GB reserved,       1.38 MB ( <1%) committed 
             Both:        1.01 GB reserved,      11.88 MB (  1%) committed 

Chunk freelists:
   Non-Class:  29.00 KB
       Class:  9.00 KB
        Both:  38.00 KB

MaxMetaspaceSize: 17179869184.00 GB
CompressedClassSpaceSize: 1.00 GB

CodeHeap 'non-profiled nmethods': size=120000Kb used=422Kb max_used=422Kb free=119578Kb
 bounds [0x00000223e0320000, 0x00000223e0590000, 0x00000223e7850000]
CodeHeap 'profiled nmethods': size=120000Kb used=2389Kb max_used=2389Kb free=117610Kb
 bounds [0x00000223d8df0000, 0x00000223d9060000, 0x00000223e0320000]
CodeHeap 'non-nmethods': size=5760Kb used=1147Kb max_used=1170Kb free=4612Kb
 bounds [0x00000223d8850000, 0x00000223d8ac0000, 0x00000223d8df0000]
 total_blobs=1750 nmethods=1359 adapters=303
 compilation: enabled
              stopped_count=0, restarted_count=0
 full_count=0

Compilation events (20 events):
Event: 0.970 Thread 0x00000223ec98e620 nmethod 1299 0x00000223d9025090 code [0x00000223d9025240, 0x00000223d9025458]
Event: 0.973 Thread 0x00000223ec98e620 1300       3       java.util.stream.Sink$ChainedReference::begin (11 bytes)
Event: 0.973 Thread 0x00000223ec98e620 nmethod 1300 0x00000223d9025510 code [0x00000223d90256c0, 0x00000223d9025888]
Event: 0.973 Thread 0x00000223ec987240 1301   !   4       com.sun.tools.javac.jvm.ClassReader::classSigToType (497 bytes)
Event: 0.985 Thread 0x00000223ec98e620 1303       3       java.lang.ClassLoader::checkPackageAccess (102 bytes)
Event: 0.987 Thread 0x00000223ec98e620 nmethod 1303 0x00000223d9025990 code [0x00000223d9025c80, 0x00000223d9026b58]
Event: 0.992 Thread 0x00000223ec98e620 1304       3       java.lang.invoke.MethodHandles$Lookup::checkSymbolicClass (25 bytes)
Event: 0.992 Thread 0x00000223ec98e620 nmethod 1304 0x00000223d9027190 code [0x00000223d9027360, 0x00000223d90275c8]
Event: 1.002 Thread 0x00000223ec98e620 1307       3       java.lang.invoke.LambdaForm::internArgument (85 bytes)
Event: 1.002 Thread 0x00000223ec98e620 nmethod 1307 0x00000223d9027710 code [0x00000223d90278e0, 0x00000223d9027c08]
Event: 1.005 Thread 0x00000223ec98e620 1308       3       java.lang.ref.SoftReference::<init> (13 bytes)
Event: 1.005 Thread 0x00000223ec98e620 nmethod 1308 0x00000223d9027e10 code [0x00000223d9027fc0, 0x00000223d90282d8]
Event: 1.007 Thread 0x00000223ec98e620 1309       3       jdk.internal.org.objectweb.asm.SymbolTable::addConstantFieldref (10 bytes)
Event: 1.007 Thread 0x00000223ec98e620 nmethod 1309 0x00000223d9028410 code [0x00000223d90285c0, 0x00000223d9028708]
Event: 1.009 Thread 0x00000223ec98e620 1311       3       jdk.internal.org.objectweb.asm.Frame::getLocal (46 bytes)
Event: 1.009 Thread 0x00000223ec98e620 nmethod 1311 0x00000223d9028790 code [0x00000223d9028920, 0x00000223d9028b18]
Event: 1.013 Thread 0x00000223ec98e620 1314       3       jdk.internal.org.objectweb.asm.Frame::pop (42 bytes)
Event: 1.013 Thread 0x00000223ec98e620 nmethod 1314 0x00000223d9028c10 code [0x00000223d9028da0, 0x00000223d9028f38]
Event: 1.031 Thread 0x00000223ec98e620 1315       3       jdk.internal.org.objectweb.asm.Frame::pop (44 bytes)
Event: 1.031 Thread 0x00000223ec98e620 nmethod 1315 0x00000223d9029010 code [0x00000223d90291a0, 0x00000223d9029318]

GC Heap History (20 events):
Event: 0.404 GC heap before
{Heap before GC invocations=3 (full 0):
 garbage-first heap   total 8192K, used 3027K [0x00000000c2000000, 0x0000000100000000)
  region size 1024K, 2 young (2048K), 1 survivors (1024K)
 Metaspace       used 7230K, capacity 10438K, committed 10752K, reserved 1058816K
  class space    used 869K, capacity 1158K, committed 1280K, reserved 1048576K
}
Event: 0.406 GC heap after
{Heap after GC invocations=4 (full 0):
 garbage-first heap   total 8192K, used 2331K [0x00000000c2000000, 0x0000000100000000)
  region size 1024K, 1 young (1024K), 1 survivors (1024K)
 Metaspace       used 7230K, capacity 10438K, committed 10752K, reserved 1058816K
  class space    used 869K, capacity 1158K, committed 1280K, reserved 1048576K
}
Event: 0.448 GC heap before
{Heap before GC invocations=4 (full 0):
 garbage-first heap   total 8192K, used 3355K [0x00000000c2000000, 0x0000000100000000)
  region size 1024K, 2 young (2048K), 1 survivors (1024K)
 Metaspace       used 7834K, capacity 10857K, committed 11008K, reserved 1058816K
  class space    used 911K, capacity 1191K, committed 1280K, reserved 1048576K
}
Event: 0.450 GC heap after
{Heap after GC invocations=5 (full 0):
 garbage-first heap   total 10240K, used 2586K [0x00000000c2000000, 0x0000000100000000)
  region size 1024K, 1 young (1024K), 1 survivors (1024K)
 Metaspace       used 7834K, capacity 10857K, committed 11008K, reserved 1058816K
  class space    used 911K, capacity 1191K, committed 1280K, reserved 1048576K
}
Event: 0.504 GC heap before
{Heap before GC invocations=5 (full 0):
 garbage-first heap   total 10240K, used 4634K [0x00000000c2000000, 0x0000000100000000)
  region size 1024K, 3 young (3072K), 1 survivors (1024K)
 Metaspace       used 8149K, capacity 11099K, committed 11264K, reserved 1058816K
  class space    used 958K, capacity 1229K, committed 1280K, reserved 1048576K
}
Event: 0.508 GC heap after
{Heap after GC invocations=6 (full 0):
 garbage-first heap   total 10240K, used 3355K [0x00000000c2000000, 0x0000000100000000)
  region size 1024K, 1 young (1024K), 1 survivors (1024K)
 Metaspace       used 8149K, capacity 11099K, committed 11264K, reserved 1058816K
  class space    used 958K, capacity 1229K, committed 1280K, reserved 1048576K
}
Event: 0.522 GC heap before
{Heap before GC invocations=6 (full 0):
 garbage-first heap   total 10240K, used 5403K [0x00000000c2000000, 0x0000000100000000)
  region size 1024K, 3 young (3072K), 1 survivors (1024K)
 Metaspace       used 8181K, capacity 11099K, committed 11264K, reserved 1058816K
  class space    used 958K, capacity 1229K, committed 1280K, reserved 1048576K
}
Event: 0.525 GC heap after
{Heap after GC invocations=7 (full 0):
 garbage-first heap   total 10240K, used 3799K [0x00000000c2000000, 0x0000000100000000)
  region size 1024K, 1 young (1024K), 1 survivors (1024K)
 Metaspace       used 8181K, capacity 11099K, committed 11264K, reserved 1058816K
  class space    used 958K, capacity 1229K, committed 1280K, reserved 1048576K
}
Event: 0.557 GC heap before
{Heap before GC invocations=7 (full 0):
 garbage-first heap   total 10240K, used 4823K [0x00000000c2000000, 0x0000000100000000)
  region size 1024K, 2 young (2048K), 1 survivors (1024K)
 Metaspace       used 8278K, capacity 11102K, committed 11264K, reserved 1058816K
  class space    used 965K, capacity 1230K, committed 1280K, reserved 1048576K
}
Event: 0.559 GC heap after
{Heap after GC invocations=8 (full 0):
 garbage-first heap   total 10240K, used 3790K [0x00000000c2000000, 0x0000000100000000)
  region size 1024K, 1 young (1024K), 1 survivors (1024K)
 Metaspace       used 8278K, capacity 11102K, committed 11264K, reserved 1058816K
  class space    used 965K, capacity 1230K, committed 1280K, reserved 1048576K
}
Event: 0.571 GC heap before
{Heap before GC invocations=8 (full 0):
 garbage-first heap   total 10240K, used 5838K [0x00000000c2000000, 0x0000000100000000)
  region size 1024K, 3 young (3072K), 1 survivors (1024K)
 Metaspace       used 8305K, capacity 11102K, committed 11264K, reserved 1058816K
  class space    used 965K, capacity 1230K, committed 1280K, reserved 1048576K
}
Event: 0.573 GC heap after
{Heap after GC invocations=9 (full 0):
 garbage-first heap   total 14336K, used 4138K [0x00000000c2000000, 0x0000000100000000)
  region size 1024K, 1 young (1024K), 1 survivors (1024K)
 Metaspace       used 8305K, capacity 11102K, committed 11264K, reserved 1058816K
  class space    used 965K, capacity 1230K, committed 1280K, reserved 1048576K
}
Event: 0.664 GC heap before
{Heap before GC invocations=9 (full 0):
 garbage-first heap   total 14336K, used 7210K [0x00000000c2000000, 0x0000000100000000)
  region size 1024K, 4 young (4096K), 1 survivors (1024K)
 Metaspace       used 8330K, capacity 11166K, committed 11264K, reserved 1058816K
  class space    used 965K, capacity 1230K, committed 1280K, reserved 1048576K
}
Event: 0.667 GC heap after
{Heap after GC invocations=10 (full 0):
 garbage-first heap   total 14336K, used 4416K [0x00000000c2000000, 0x0000000100000000)
  region size 1024K, 1 young (1024K), 1 survivors (1024K)
 Metaspace       used 8330K, capacity 11166K, committed 11264K, reserved 1058816K
  class space    used 965K, capacity 1230K, committed 1280K, reserved 1048576K
}
Event: 0.688 GC heap before
{Heap before GC invocations=10 (full 0):
 garbage-first heap   total 14336K, used 8512K [0x00000000c2000000, 0x0000000100000000)
  region size 1024K, 5 young (5120K), 1 survivors (1024K)
 Metaspace       used 8330K, capacity 11166K, committed 11264K, reserved 1058816K
  class space    used 965K, capacity 1230K, committed 1280K, reserved 1048576K
}
Event: 0.691 GC heap after
{Heap after GC invocations=11 (full 0):
 garbage-first heap   total 14336K, used 4880K [0x00000000c2000000, 0x0000000100000000)
  region size 1024K, 1 young (1024K), 1 survivors (1024K)
 Metaspace       used 8330K, capacity 11166K, committed 11264K, reserved 1058816K
  class space    used 965K, capacity 1230K, committed 1280K, reserved 1048576K
}
Event: 0.717 GC heap before
{Heap before GC invocations=11 (full 0):
 garbage-first heap   total 14336K, used 8976K [0x00000000c2000000, 0x0000000100000000)
  region size 1024K, 5 young (5120K), 1 survivors (1024K)
 Metaspace       used 8336K, capacity 11166K, committed 11264K, reserved 1058816K
  class space    used 965K, capacity 1230K, committed 1280K, reserved 1048576K
}
Event: 0.721 GC heap after
{Heap after GC invocations=12 (full 0):
 garbage-first heap   total 14336K, used 5422K [0x00000000c2000000, 0x0000000100000000)
  region size 1024K, 1 young (1024K), 1 survivors (1024K)
 Metaspace       used 8336K, capacity 11166K, committed 11264K, reserved 1058816K
  class space    used 965K, capacity 1230K, committed 1280K, reserved 1048576K
}
Event: 0.779 GC heap before
{Heap before GC invocations=12 (full 0):
 garbage-first heap   total 14336K, used 8494K [0x00000000c2000000, 0x0000000100000000)
  region size 1024K, 4 young (4096K), 1 survivors (1024K)
 Metaspace       used 8574K, capacity 11335K, committed 11520K, reserved 1058816K
  class space    used 991K, capacity 1265K, committed 1280K, reserved 1048576K
}
Event: 0.783 GC heap after
{Heap after GC invocations=13 (full 0):
 garbage-first heap   total 24576K, used 6435K [0x00000000c2000000, 0x0000000100000000)
  region size 1024K, 1 young (1024K), 1 survivors (1024K)
 Metaspace       used 8574K, capacity 11335K, committed 11520K, reserved 1058816K
  class space    used 991K, capacity 1265K, committed 1280K, reserved 1048576K
}

Deoptimization events (20 events):
Event: 0.651 Thread 0x00000223d0623000 DEOPT PACKING pc=0x00000223e0368400 sp=0x000000b9164fd760
Event: 0.651 Thread 0x00000223d0623000 DEOPT UNPACKING pc=0x00000223d889e42f sp=0x000000b9164fd6a8 mode 2
Event: 0.724 Thread 0x00000223d0623000 Uncommon trap: trap_request=0xffffff45 fr.pc=0x00000223e035b15c relative=0x000000000000005c
Event: 0.724 Thread 0x00000223d0623000 Uncommon trap: reason=unstable_if action=reinterpret pc=0x00000223e035b15c method=com.sun.tools.javac.jvm.PoolReader.sizeof(I)I @ 1 c2
Event: 0.724 Thread 0x00000223d0623000 DEOPT PACKING pc=0x00000223e035b15c sp=0x000000b9164fde30
Event: 0.724 Thread 0x00000223d0623000 DEOPT UNPACKING pc=0x00000223d889e42f sp=0x000000b9164fddc0 mode 2
Event: 0.741 Thread 0x00000223d0623000 DEOPT PACKING pc=0x00000223d8ee6d5f sp=0x000000b9164fd930
Event: 0.741 Thread 0x00000223d0623000 DEOPT UNPACKING pc=0x00000223d889e23f sp=0x000000b9164fcd80 mode 0
Event: 0.742 Thread 0x00000223d0623000 DEOPT PACKING pc=0x00000223d8ee6d5f sp=0x000000b9164fd940
Event: 0.742 Thread 0x00000223d0623000 DEOPT UNPACKING pc=0x00000223d889e23f sp=0x000000b9164fcd90 mode 0
Event: 0.743 Thread 0x00000223d0623000 DEOPT PACKING pc=0x00000223d8ee6d5f sp=0x000000b9164fd940
Event: 0.743 Thread 0x00000223d0623000 DEOPT UNPACKING pc=0x00000223d889e23f sp=0x000000b9164fcd90 mode 0
Event: 0.755 Thread 0x00000223d0623000 Uncommon trap: trap_request=0xffffff45 fr.pc=0x00000223e0374c44 relative=0x0000000000000044
Event: 0.755 Thread 0x00000223d0623000 Uncommon trap: reason=unstable_if action=reinterpret pc=0x00000223e0374c44 method=com.sun.tools.javac.util.ArrayUtils.ensureCapacity([BI)[B @ 3 c2
Event: 0.755 Thread 0x00000223d0623000 DEOPT PACKING pc=0x00000223e0374c44 sp=0x000000b9164fd9c0
Event: 0.755 Thread 0x00000223d0623000 DEOPT UNPACKING pc=0x00000223d889e42f sp=0x000000b9164fd938 mode 2
Event: 0.779 Thread 0x00000223d0623000 DEOPT PACKING pc=0x00000223d8f88fae sp=0x000000b9164fc7e0
Event: 0.779 Thread 0x00000223d0623000 DEOPT UNPACKING pc=0x00000223d889e23f sp=0x000000b9164fbca0 mode 0
Event: 0.852 Thread 0x00000223d0623000 DEOPT PACKING pc=0x00000223d8fd296e sp=0x000000b9164fdba0
Event: 0.852 Thread 0x00000223d0623000 DEOPT UNPACKING pc=0x00000223d889e23f sp=0x000000b9164fd060 mode 0

Classes unloaded (0 events):
No events

Classes redefined (0 events):
No events

Internal exceptions (20 events):
Event: 0.453 Thread 0x00000223d0623000 Exception <a 'java/lang/NoSuchMethodError'{0x00000000c29106c8}: 'java.lang.Object java.lang.invoke.DirectMethodHandle$Holder.invokeVirtual(java.lang.Object, java.lang.Object, java.lang.Object, int, int)'> (0x00000000c29106c8) 
thrown [./open/src/hotspot/share/interpreter/linkResolver.cpp, line 782]
Event: 0.454 Thread 0x00000223d0623000 Exception <a 'java/lang/NoSuchMethodError'{0x00000000c2917998}: 'java.lang.Object java.lang.invoke.DirectMethodHandle$Holder.invokeVirtual(java.lang.Object, java.lang.Object, int)'> (0x00000000c2917998) 
thrown [./open/src/hotspot/share/interpreter/linkResolver.cpp, line 782]
Event: 0.459 Thread 0x00000223d0623000 Exception <a 'java/lang/NoSuchMethodError'{0x00000000c2931dc0}: 'java.lang.Object java.lang.invoke.DirectMethodHandle$Holder.invokeSpecial(java.lang.Object, java.lang.Object, java.lang.Object, int, int)'> (0x00000000c2931dc0) 
thrown [./open/src/hotspot/share/interpreter/linkResolver.cpp, line 782]
Event: 0.491 Thread 0x00000223d0623000 Exception <a 'java/lang/NoSuchMethodError'{0x00000000c28ac720}: 'void java.lang.invoke.DirectMethodHandle$Holder.invokeStatic(java.lang.Object, java.lang.Object)'> (0x00000000c28ac720) 
thrown [./open/src/hotspot/share/interpreter/linkResolver.cpp, line 782]
Event: 0.492 Thread 0x00000223d0623000 Exception <a 'sun/nio/fs/WindowsException'{0x00000000c28b74a8}> (0x00000000c28b74a8) 
thrown [./open/src/hotspot/share/prims/jni.cpp, line 578]
Event: 0.497 Thread 0x00000223d0623000 Exception <a 'sun/nio/fs/WindowsException'{0x00000000c28ca080}> (0x00000000c28ca080) 
thrown [./open/src/hotspot/share/prims/jni.cpp, line 578]
Event: 0.552 Thread 0x00000223d0623000 Exception <a 'java/lang/NoSuchMethodError'{0x00000000c29e9708}: 'int java.lang.invoke.DirectMethodHandle$Holder.invokeSpecial(java.lang.Object, java.lang.Object, java.lang.Object)'> (0x00000000c29e9708) 
thrown [./open/src/hotspot/share/interpreter/linkResolver.cpp, line 782]
Event: 0.555 Thread 0x00000223d0623000 Exception <a 'sun/nio/fs/WindowsException'{0x00000000c29f5180}> (0x00000000c29f5180) 
thrown [./open/src/hotspot/share/prims/jni.cpp, line 578]
Event: 0.555 Thread 0x00000223d0623000 Exception <a 'sun/nio/fs/WindowsException'{0x00000000c29f5450}> (0x00000000c29f5450) 
thrown [./open/src/hotspot/share/prims/jni.cpp, line 578]
Event: 0.556 Thread 0x00000223d0623000 Exception <a 'sun/nio/fs/WindowsException'{0x00000000c29f6440}> (0x00000000c29f6440) 
thrown [./open/src/hotspot/share/prims/jni.cpp, line 578]
Event: 0.556 Thread 0x00000223d0623000 Exception <a 'sun/nio/fs/WindowsException'{0x00000000c29f66d0}> (0x00000000c29f66d0) 
thrown [./open/src/hotspot/share/prims/jni.cpp, line 578]
Event: 0.649 Thread 0x00000223d0623000 Exception <a 'sun/nio/fs/WindowsException'{0x00000000c2be98a8}> (0x00000000c2be98a8) 
thrown [./open/src/hotspot/share/prims/jni.cpp, line 578]
Event: 0.649 Thread 0x00000223d0623000 Exception <a 'sun/nio/fs/WindowsException'{0x00000000c2be9b70}> (0x00000000c2be9b70) 
thrown [./open/src/hotspot/share/prims/jni.cpp, line 578]
Event: 0.649 Thread 0x00000223d0623000 Exception <a 'sun/nio/fs/WindowsException'{0x00000000c2beab60}> (0x00000000c2beab60) 
thrown [./open/src/hotspot/share/prims/jni.cpp, line 578]
Event: 0.649 Thread 0x00000223d0623000 Exception <a 'sun/nio/fs/WindowsException'{0x00000000c2beadf0}> (0x00000000c2beadf0) 
thrown [./open/src/hotspot/share/prims/jni.cpp, line 578]
Event: 0.725 Thread 0x00000223d0623000 Exception <a 'java/lang/NoSuchMethodError'{0x00000000c2d80178}: 'java.lang.Object java.lang.invoke.DirectMethodHandle$Holder.invokeStatic(java.lang.Object, java.lang.Object, int, int)'> (0x00000000c2d80178) 
thrown [./open/src/hotspot/share/interpreter/linkResolver.cpp, line 782]
Event: 0.772 Thread 0x00000223d0623000 Exception <a 'java/lang/NoSuchMethodError'{0x00000000c2b0cd10}: 'java.lang.Object java.lang.invoke.DirectMethodHandle$Holder.invokeInterface(java.lang.Object, java.lang.Object)'> (0x00000000c2b0cd10) 
thrown [./open/src/hotspot/share/interpreter/linkResolver.cpp, line 782]
Event: 0.999 Thread 0x00000223d0623000 Exception <a 'java/lang/NoSuchMethodError'{0x00000000c30846c8}: 'int java.lang.invoke.DirectMethodHandle$Holder.invokeVirtual(java.lang.Object, java.lang.Object, java.lang.Object, java.lang.Object)'> (0x00000000c30846c8) 
thrown [./open/src/hotspot/share/interpreter/linkResolver.cpp, line 782]
Event: 1.008 Thread 0x00000223d0623000 Exception <a 'java/lang/NoSuchMethodError'{0x00000000c3090988}: 'java.lang.Object java.lang.invoke.DirectMethodHandle$Holder.newInvokeSpecial(java.lang.Object, java.lang.Object, int, java.lang.Object)'> (0x00000000c3090988) 
thrown [./open/src/hotspot/share/interpreter/linkResolver.cpp, line 782]
Event: 1.013 Thread 0x00000223d0623000 Exception <a 'java/lang/NoSuchMethodError'{0x00000000c3094e70}: 'java.lang.Object java.lang.invoke.DirectMethodHandle$Holder.invokeSpecial(java.lang.Object, java.lang.Object, java.lang.Object, int, java.lang.Object)'> (0x00000000c3094e70) 
thrown [./open/src/hotspot/share/interpreter/linkResolver.cpp, line 782]

Events (20 events):
Event: 0.860 loading class java/util/stream/Nodes$EmptyNode$OfInt
Event: 0.860 loading class java/util/stream/Node$OfInt
Event: 0.860 loading class java/util/stream/Node$OfPrimitive
Event: 0.860 loading class java/util/stream/Node$OfPrimitive done
Event: 0.860 loading class java/util/stream/Node$OfInt done
Event: 0.860 loading class java/util/stream/Nodes$EmptyNode$OfInt done
Event: 0.860 loading class java/util/stream/Nodes$EmptyNode$OfLong
Event: 0.860 loading class java/util/stream/Node$OfLong
Event: 0.861 loading class java/util/stream/Node$OfLong done
Event: 0.861 loading class java/util/stream/Nodes$EmptyNode$OfLong done
Event: 0.861 loading class java/util/stream/Nodes$EmptyNode$OfDouble
Event: 0.861 loading class java/util/stream/Node$OfDouble
Event: 0.861 loading class java/util/stream/Node$OfDouble done
Event: 0.861 loading class java/util/stream/Nodes$EmptyNode$OfDouble done
Event: 0.861 loading class java/util/stream/Nodes$FixedNodeBuilder
Event: 0.861 loading class java/util/stream/Node$Builder
Event: 0.861 loading class java/util/stream/Node$Builder done
Event: 0.861 loading class java/util/stream/Nodes$ArrayNode
Event: 0.861 loading class java/util/stream/Nodes$ArrayNode done
Event: 0.861 loading class java/util/stream/Nodes$FixedNodeBuilder done


Dynamic libraries:
0x00007ff6e9e00000 - 0x00007ff6e9e08000 	C:\Program Files\Java\jdk-15.0.2\bin\javac.exe
0x00007ff994160000 - 0x00007ff994350000 	C:\Windows\SYSTEM32\ntdll.dll
0x00007ff992af0000 - 0x00007ff992ba2000 	C:\Windows\System32\KERNEL32.DLL
0x00007ff9911b0000 - 0x00007ff991455000 	C:\Windows\System32\KERNELBASE.dll
0x00007ff9914e0000 - 0x00007ff9915da000 	C:\Windows\System32\ucrtbase.dll
0x00007ff980b90000 - 0x00007ff980ba9000 	C:\Program Files\Java\jdk-15.0.2\bin\VCRUNTIME140.dll
0x00007ff98c300000 - 0x00007ff98c318000 	C:\Program Files\Java\jdk-15.0.2\bin\jli.dll
0x00007ff992fc0000 - 0x00007ff993063000 	C:\Windows\System32\ADVAPI32.dll
0x00007ff993ed0000 - 0x00007ff993f6e000 	C:\Windows\System32\msvcrt.dll
0x00007ff9923f0000 - 0x00007ff992487000 	C:\Windows\System32\sechost.dll
0x00007ff993070000 - 0x00007ff99318f000 	C:\Windows\System32\RPCRT4.dll
0x00007ff993f80000 - 0x00007ff994114000 	C:\Windows\System32\USER32.dll
0x00007ff991180000 - 0x00007ff9911a1000 	C:\Windows\System32\win32u.dll
0x00007ff97f1a0000 - 0x00007ff97f424000 	C:\Windows\WinSxS\amd64_microsoft.windows.common-controls_6595b64144ccf1df_6.0.18362.1440_none_9e7dbfb9e45e8e67\COMCTL32.dll
0x00007ff993190000 - 0x00007ff9931b6000 	C:\Windows\System32\GDI32.dll
0x00007ff9927b0000 - 0x00007ff992ae6000 	C:\Windows\System32\combase.dll
0x00007ff992070000 - 0x00007ff992208000 	C:\Windows\System32\gdi32full.dll
0x00007ff991d60000 - 0x00007ff991dfe000 	C:\Windows\System32\msvcp_win.dll
0x00007ff991e00000 - 0x00007ff991e81000 	C:\Windows\System32\bcryptPrimitives.dll
0x00007ff98adb0000 - 0x00007ff98adba000 	C:\Windows\SYSTEM32\VERSION.dll
0x00007ff9925d0000 - 0x00007ff9925fe000 	C:\Windows\System32\IMM32.DLL
0x00007ff980890000 - 0x00007ff98089c000 	C:\Program Files\Java\jdk-15.0.2\bin\vcruntime140_1.dll
0x00007ff95fea0000 - 0x00007ff95ff31000 	C:\Program Files\Java\jdk-15.0.2\bin\msvcp140.dll
0x00007ff952f60000 - 0x00007ff953abe000 	C:\Program Files\Java\jdk-15.0.2\bin\server\jvm.dll
0x00007ff992bb0000 - 0x00007ff992bb8000 	C:\Windows\System32\PSAPI.DLL
0x00007ff97d730000 - 0x00007ff97d739000 	C:\Windows\SYSTEM32\WSOCK32.dll
0x00007ff988b50000 - 0x00007ff988b74000 	C:\Windows\SYSTEM32\WINMM.dll
0x00007ff992ee0000 - 0x00007ff992f4f000 	C:\Windows\System32\WS2_32.dll
0x00007ff988b20000 - 0x00007ff988b4d000 	C:\Windows\SYSTEM32\winmmbase.dll
0x00007ff991490000 - 0x00007ff9914da000 	C:\Windows\System32\cfgmgr32.dll
0x00007ff991020000 - 0x00007ff991031000 	C:\Windows\System32\kernel.appcore.dll
0x00007ff980180000 - 0x00007ff98018a000 	C:\Program Files\Java\jdk-15.0.2\bin\jimage.dll
0x00007ff98f8b0000 - 0x00007ff98faa4000 	C:\Windows\SYSTEM32\DBGHELP.DLL
0x00007ff979da0000 - 0x00007ff979dca000 	C:\Windows\SYSTEM32\dbgcore.DLL
0x00007ff9745f0000 - 0x00007ff974615000 	C:\Program Files\Java\jdk-15.0.2\bin\java.dll
0x00007ff9932f0000 - 0x00007ff9939d8000 	C:\Windows\System32\SHELL32.dll
0x00007ff992e30000 - 0x00007ff992ed7000 	C:\Windows\System32\shcore.dll
0x00007ff9915e0000 - 0x00007ff991d5b000 	C:\Windows\System32\windows.storage.dll
0x00007ff991060000 - 0x00007ff99107e000 	C:\Windows\System32\profapi.dll
0x00007ff991080000 - 0x00007ff9910ca000 	C:\Windows\System32\powrprof.dll
0x00007ff991010000 - 0x00007ff991020000 	C:\Windows\System32\UMPDC.dll
0x00007ff992680000 - 0x00007ff9926d2000 	C:\Windows\System32\shlwapi.dll
0x00007ff992050000 - 0x00007ff992067000 	C:\Windows\System32\cryptsp.dll
0x00007ff97a910000 - 0x00007ff97a929000 	C:\Program Files\Java\jdk-15.0.2\bin\net.dll
0x00007ff988310000 - 0x00007ff98840a000 	C:\Windows\SYSTEM32\WINHTTP.dll
0x00007ff9907f0000 - 0x00007ff990857000 	C:\Windows\system32\mswsock.dll
0x00007ff979ab0000 - 0x00007ff979ac2000 	C:\Program Files\Java\jdk-15.0.2\bin\nio.dll

dbghelp: loaded successfully - version: 4.0.5 - missing functions: none
symbol engine: initialized successfully - sym options: 0x614 - pdb path: .;C:\Program Files\Java\jdk-15.0.2\bin;C:\Windows\SYSTEM32;C:\Windows\WinSxS\amd64_microsoft.windows.common-controls_6595b64144ccf1df_6.0.18362.1440_none_9e7dbfb9e45e8e67;C:\Program Files\Java\jdk-15.0.2\bin\server

VM Arguments:
jvm_args: -Denv.class.path=C:\Program Files\Java\jdk-15.0.2\lib -Dapplication.home=C:\Program Files\Java\jdk-15.0.2 --add-modules=ALL-DEFAULT -Xms8m -Djdk.module.main=jdk.compiler 
java_command: jdk.compiler/com.sun.tools.javac.Main -d C:\Users\DELL\Documents\NetBeansProjects\makeApp\build\classes -classpath C:\Users\DELL\Documents\NetBeansProjects\makeApp\build\classes -sourcepath C:\Users\DELL\Documents\NetBeansProjects\makeApp\src -target 15 -encoding UTF-8 -g -processorpath C:\Users\DELL\Documents\NetBeansProjects\makeApp\build\empty -s C:\Users\DELL\Documents\NetBeansProjects\makeApp\build\generated-sources\ap-source-output -source 15 C:\Users\DELL\Documents\NetBeansProjects\makeApp\src\makeapp\MakeApp.java
java_class_path (initial): <not set>
Launcher Type: SUN_STANDARD

[Global flags]
     intx CICompilerCount                          = 3                                         {product} {ergonomic}
     uint ConcGCThreads                            = 1                                         {product} {ergonomic}
     uint G1ConcRefinementThreads                  = 4                                         {product} {ergonomic}
   size_t G1HeapRegionSize                         = 1048576                                   {product} {ergonomic}
    uintx GCDrainStackTargetSize                   = 64                                        {product} {ergonomic}
   size_t InitialHeapSize                          = 8388608                                   {product} {command line}
   size_t MarkStackSize                            = 4194304                                   {product} {ergonomic}
   size_t MaxHeapSize                              = 1040187392                                {product} {ergonomic}
   size_t MaxNewSize                               = 623902720                                 {product} {ergonomic}
   size_t MinHeapDeltaBytes                        = 1048576                                   {product} {ergonomic}
   size_t MinHeapSize                              = 8388608                                   {product} {command line}
    uintx NonNMethodCodeHeapSize                   = 5832780                                {pd product} {ergonomic}
    uintx NonProfiledCodeHeapSize                  = 122912730                              {pd product} {ergonomic}
    uintx ProfiledCodeHeapSize                     = 122912730                              {pd product} {ergonomic}
    uintx ReservedCodeCacheSize                    = 251658240                              {pd product} {ergonomic}
     bool SegmentedCodeCache                       = true                                      {product} {ergonomic}
   size_t SoftMaxHeapSize                          = 1040187392                             {manageable} {ergonomic}
     bool UseCompressedClassPointers               = true                                 {lp64_product} {ergonomic}
     bool UseCompressedOops                        = true                                 {lp64_product} {ergonomic}
     bool UseG1GC                                  = true                                      {product} {ergonomic}
     bool UseLargePagesIndividualAllocation        = false                                  {pd product} {ergonomic}

Logging:
Log output configuration:
 #0: stdout all=warning uptime,level,tags
 #1: stderr all=off uptime,level,tags

Environment Variables:
CLASSPATH=C:\Program Files\Java\jdk-15.0.2\lib
PATH=C:\Program Files\Common Files\Oracle\Java\javapath;C:\Program Files (x86)\Common Files\Oracle\Java\javapath;C:\Windows\system32;C:\Windows;C:\Windows\System32\Wbem;C:\Windows\System32\WindowsPowerShell\v1.0\;C:\Windows\System32\OpenSSH\;C:\Program Files\Java\jdk-15.0.2\bin
USERNAME=DELL
OS=Windows_NT
PROCESSOR_IDENTIFIER=Intel64 Family 6 Model 142 Stepping 9, GenuineIntel



---------------  S Y S T E M  ---------------

OS:
 Windows 10 , 64 bit Build 18362 (10.0.18362.1350)
OS uptime: 5 days 16:26 hours

CPU: total 4 (initial active 4) (2 cores per cpu, 2 threads per core) family 6 model 142 stepping 9 microcode 0xb4, cmov, cx8, fxsr, mmx, sse, sse2, sse3, ssse3, sse4.1, sse4.2, popcnt, vzeroupper, avx, avx2, aes, clmul, erms, 3dnowpref, lzcnt, ht, tsc, tscinvbit, bmi1, bmi2, adx, fma, clflush, clflushopt

Memory: 4k page, system-wide physical 3962M (317M free)
TotalPageFile size 13881M (AvailPageFile size 2M)
current process WorkingSet (physical memory assigned to process): 84M, peak: 84M
current process commit charge ("private bytes"): 117M, peak: 117M

vm_info: Java HotSpot(TM) 64-Bit Server VM (15.0.2+7-27) for windows-amd64 JRE (15.0.2+7-27), built on Dec  7 2020 20:07:01 by "mach5one" with unknown MS VC++:1925

END.
